[2024-11-22T13:43:05.731+0000] {local_task_job_runner.py:123} INFO - ::group::Pre task execution logs
[2024-11-22T13:43:05.746+0000] {taskinstance.py:2613} INFO - Dependencies all met for dep_context=non-requeueable deps ti=<TaskInstance: insert_stockprices_daily_table.insert_to_db manual__2024-11-22T13:42:57.301004+00:00 [queued]>
[2024-11-22T13:43:05.753+0000] {taskinstance.py:2613} INFO - Dependencies all met for dep_context=requeueable deps ti=<TaskInstance: insert_stockprices_daily_table.insert_to_db manual__2024-11-22T13:42:57.301004+00:00 [queued]>
[2024-11-22T13:43:05.754+0000] {taskinstance.py:2866} INFO - Starting attempt 1 of 1
[2024-11-22T13:43:05.770+0000] {taskinstance.py:2889} INFO - Executing <Task(PythonOperator): insert_to_db> on 2024-11-22 13:42:57.301004+00:00
[2024-11-22T13:43:05.788+0000] {standard_task_runner.py:104} INFO - Running: ['***', 'tasks', 'run', 'insert_stockprices_daily_table', 'insert_to_db', 'manual__2024-11-22T13:42:57.301004+00:00', '--job-id', '45', '--raw', '--subdir', 'DAGS_FOLDER/insert_stockdailyprice.py', '--cfg-path', '/tmp/tmpqw2_xpe6']
[2024-11-22T13:43:05.787+0000] {warnings.py:112} WARNING - /home/***/.local/lib/python3.12/site-packages/***/task/task_runner/standard_task_runner.py:70: DeprecationWarning: This process (pid=90) is multi-threaded, use of fork() may lead to deadlocks in the child.
  pid = os.fork()

[2024-11-22T13:43:05.791+0000] {standard_task_runner.py:105} INFO - Job 45: Subtask insert_to_db
[2024-11-22T13:43:05.792+0000] {standard_task_runner.py:72} INFO - Started process 92 to run task
[2024-11-22T13:43:06.245+0000] {task_command.py:467} INFO - Running <TaskInstance: insert_stockprices_daily_table.insert_to_db manual__2024-11-22T13:42:57.301004+00:00 [running]> on host 7f1386177236
[2024-11-22T13:43:06.350+0000] {taskinstance.py:3132} INFO - Exporting env vars: AIRFLOW_CTX_DAG_OWNER='***' AIRFLOW_CTX_DAG_ID='insert_stockprices_daily_table' AIRFLOW_CTX_TASK_ID='insert_to_db' AIRFLOW_CTX_EXECUTION_DATE='2024-11-22T13:42:57.301004+00:00' AIRFLOW_CTX_TRY_NUMBER='1' AIRFLOW_CTX_DAG_RUN_ID='manual__2024-11-22T13:42:57.301004+00:00'
[2024-11-22T13:43:06.351+0000] {logging_mixin.py:190} INFO - Task instance is in running state
[2024-11-22T13:43:06.352+0000] {logging_mixin.py:190} INFO -  Previous state of the Task instance: queued
[2024-11-22T13:43:06.352+0000] {logging_mixin.py:190} INFO - Current task name:insert_to_db state:running start_date:2024-11-22 13:43:05.747483+00:00
[2024-11-22T13:43:06.353+0000] {logging_mixin.py:190} INFO - Dag name:insert_stockprices_daily_table and current dag run status:running
[2024-11-22T13:43:06.353+0000] {taskinstance.py:731} INFO - ::endgroup::
[2024-11-22T13:43:06.387+0000] {taskinstance.py:3311} ERROR - Task failed with exception
Traceback (most recent call last):
  File "/home/airflow/.local/lib/python3.12/site-packages/airflow/models/taskinstance.py", line 767, in _execute_task
    result = _execute_callable(context=context, **execute_callable_kwargs)
             ^^^^^^^^^^^^^^^^^^^^^^^^^^^^^^^^^^^^^^^^^^^^^^^^^^^^^^^^^^^^^
  File "/home/airflow/.local/lib/python3.12/site-packages/airflow/models/taskinstance.py", line 733, in _execute_callable
    return ExecutionCallableRunner(
           ^^^^^^^^^^^^^^^^^^^^^^^^
  File "/home/airflow/.local/lib/python3.12/site-packages/airflow/utils/operator_helpers.py", line 252, in run
    return self.func(*args, **kwargs)
           ^^^^^^^^^^^^^^^^^^^^^^^^^^
  File "/home/airflow/.local/lib/python3.12/site-packages/airflow/models/baseoperator.py", line 417, in wrapper
    return func(self, *args, **kwargs)
           ^^^^^^^^^^^^^^^^^^^^^^^^^^^
  File "/home/airflow/.local/lib/python3.12/site-packages/airflow/operators/python.py", line 238, in execute
    return_value = self.execute_callable()
                   ^^^^^^^^^^^^^^^^^^^^^^^
  File "/home/airflow/.local/lib/python3.12/site-packages/airflow/operators/python.py", line 256, in execute_callable
    return runner.run(*self.op_args, **self.op_kwargs)
           ^^^^^^^^^^^^^^^^^^^^^^^^^^^^^^^^^^^^^^^^^^^
  File "/home/airflow/.local/lib/python3.12/site-packages/airflow/utils/operator_helpers.py", line 252, in run
    return self.func(*args, **kwargs)
           ^^^^^^^^^^^^^^^^^^^^^^^^^^
  File "/opt/airflow/dags/insert_stockdailyprice.py", line 42, in insert_to_db
    for stock in stocks:
                 ^^^^^^
TypeError: 'NoneType' object is not iterable
[2024-11-22T13:43:06.400+0000] {logging_mixin.py:190} INFO - Task instance in failure state
[2024-11-22T13:43:06.401+0000] {logging_mixin.py:190} INFO - Task start:2024-11-22 13:43:05.747483+00:00 end:2024-11-22 13:43:06.400071+00:00 duration:0.652588
[2024-11-22T13:43:06.401+0000] {logging_mixin.py:190} INFO - Task:<Task(PythonOperator): insert_to_db> dag:<DAG: insert_stockprices_daily_table> dagrun:<DagRun insert_stockprices_daily_table @ 2024-11-22 13:42:57.301004+00:00: manual__2024-11-22T13:42:57.301004+00:00, state:running, queued_at: 2024-11-22 13:42:57.344473+00:00. externally triggered: True>
[2024-11-22T13:43:06.402+0000] {logging_mixin.py:190} INFO - Failure caused by 'NoneType' object is not iterable
[2024-11-22T13:43:06.402+0000] {taskinstance.py:1225} INFO - Marking task as FAILED. dag_id=insert_stockprices_daily_table, task_id=insert_to_db, run_id=manual__2024-11-22T13:42:57.301004+00:00, execution_date=20241122T134257, start_date=20241122T134305, end_date=20241122T134306
[2024-11-22T13:43:06.416+0000] {taskinstance.py:340} INFO - ::group::Post task execution logs
[2024-11-22T13:43:06.416+0000] {standard_task_runner.py:124} ERROR - Failed to execute job 45 for task insert_to_db ('NoneType' object is not iterable; 92)
Traceback (most recent call last):
  File "/home/airflow/.local/lib/python3.12/site-packages/airflow/task/task_runner/standard_task_runner.py", line 117, in _start_by_fork
    ret = args.func(args, dag=self.dag)
          ^^^^^^^^^^^^^^^^^^^^^^^^^^^^^
  File "/home/airflow/.local/lib/python3.12/site-packages/airflow/cli/cli_config.py", line 49, in command
    return func(*args, **kwargs)
           ^^^^^^^^^^^^^^^^^^^^^
  File "/home/airflow/.local/lib/python3.12/site-packages/airflow/utils/cli.py", line 116, in wrapper
    return f(*args, **kwargs)
           ^^^^^^^^^^^^^^^^^^
  File "/home/airflow/.local/lib/python3.12/site-packages/airflow/cli/commands/task_command.py", line 483, in task_run
    task_return_code = _run_task_by_selected_method(args, _dag, ti)
                       ^^^^^^^^^^^^^^^^^^^^^^^^^^^^^^^^^^^^^^^^^^^^
  File "/home/airflow/.local/lib/python3.12/site-packages/airflow/cli/commands/task_command.py", line 256, in _run_task_by_selected_method
    return _run_raw_task(args, ti)
           ^^^^^^^^^^^^^^^^^^^^^^^
  File "/home/airflow/.local/lib/python3.12/site-packages/airflow/cli/commands/task_command.py", line 341, in _run_raw_task
    return ti._run_raw_task(
           ^^^^^^^^^^^^^^^^^
  File "/home/airflow/.local/lib/python3.12/site-packages/airflow/utils/session.py", line 97, in wrapper
    return func(*args, session=session, **kwargs)
           ^^^^^^^^^^^^^^^^^^^^^^^^^^^^^^^^^^^^^^
  File "/home/airflow/.local/lib/python3.12/site-packages/airflow/models/taskinstance.py", line 3005, in _run_raw_task
    return _run_raw_task(
           ^^^^^^^^^^^^^^
  File "/home/airflow/.local/lib/python3.12/site-packages/airflow/models/taskinstance.py", line 273, in _run_raw_task
    TaskInstance._execute_task_with_callbacks(
  File "/home/airflow/.local/lib/python3.12/site-packages/airflow/models/taskinstance.py", line 3159, in _execute_task_with_callbacks
    result = self._execute_task(context, task_orig)
             ^^^^^^^^^^^^^^^^^^^^^^^^^^^^^^^^^^^^^^
  File "/home/airflow/.local/lib/python3.12/site-packages/airflow/models/taskinstance.py", line 3183, in _execute_task
    return _execute_task(self, context, task_orig)
           ^^^^^^^^^^^^^^^^^^^^^^^^^^^^^^^^^^^^^^^
  File "/home/airflow/.local/lib/python3.12/site-packages/airflow/models/taskinstance.py", line 767, in _execute_task
    result = _execute_callable(context=context, **execute_callable_kwargs)
             ^^^^^^^^^^^^^^^^^^^^^^^^^^^^^^^^^^^^^^^^^^^^^^^^^^^^^^^^^^^^^
  File "/home/airflow/.local/lib/python3.12/site-packages/airflow/models/taskinstance.py", line 733, in _execute_callable
    return ExecutionCallableRunner(
           ^^^^^^^^^^^^^^^^^^^^^^^^
  File "/home/airflow/.local/lib/python3.12/site-packages/airflow/utils/operator_helpers.py", line 252, in run
    return self.func(*args, **kwargs)
           ^^^^^^^^^^^^^^^^^^^^^^^^^^
  File "/home/airflow/.local/lib/python3.12/site-packages/airflow/models/baseoperator.py", line 417, in wrapper
    return func(self, *args, **kwargs)
           ^^^^^^^^^^^^^^^^^^^^^^^^^^^
  File "/home/airflow/.local/lib/python3.12/site-packages/airflow/operators/python.py", line 238, in execute
    return_value = self.execute_callable()
                   ^^^^^^^^^^^^^^^^^^^^^^^
  File "/home/airflow/.local/lib/python3.12/site-packages/airflow/operators/python.py", line 256, in execute_callable
    return runner.run(*self.op_args, **self.op_kwargs)
           ^^^^^^^^^^^^^^^^^^^^^^^^^^^^^^^^^^^^^^^^^^^
  File "/home/airflow/.local/lib/python3.12/site-packages/airflow/utils/operator_helpers.py", line 252, in run
    return self.func(*args, **kwargs)
           ^^^^^^^^^^^^^^^^^^^^^^^^^^
  File "/opt/airflow/dags/insert_stockdailyprice.py", line 42, in insert_to_db
    for stock in stocks:
                 ^^^^^^
TypeError: 'NoneType' object is not iterable
[2024-11-22T13:43:06.450+0000] {local_task_job_runner.py:266} INFO - Task exited with return code 1
[2024-11-22T13:43:06.658+0000] {taskinstance.py:3895} INFO - 0 downstream tasks scheduled from follow-on schedule check
[2024-11-22T13:43:06.679+0000] {local_task_job_runner.py:245} INFO - ::endgroup::
