[2024-11-20T11:27:59.866+0000] {processor.py:186} INFO - Started process (PID=706) to work on /opt/airflow/dags/hello_world2.py
[2024-11-20T11:27:59.867+0000] {processor.py:914} INFO - Processing file /opt/airflow/dags/hello_world2.py for tasks to queue
[2024-11-20T11:27:59.869+0000] {logging_mixin.py:190} INFO - [2024-11-20T11:27:59.869+0000] {dagbag.py:588} INFO - Filling up the DagBag from /opt/airflow/dags/hello_world2.py
[2024-11-20T11:27:59.889+0000] {processor.py:925} INFO - DAG(s) 'hello_world' retrieved from /opt/airflow/dags/hello_world2.py
[2024-11-20T11:27:59.986+0000] {logging_mixin.py:190} INFO - [2024-11-20T11:27:59.986+0000] {dag.py:3239} INFO - Sync 1 DAGs
[2024-11-20T11:28:00.005+0000] {logging_mixin.py:190} INFO - [2024-11-20T11:28:00.005+0000] {dag.py:4180} INFO - Setting next_dagrun for hello_world to 2024-11-19 12:00:00+00:00, run_after=2024-11-20 12:00:00+00:00
[2024-11-20T11:28:00.024+0000] {processor.py:208} INFO - Processing /opt/airflow/dags/hello_world2.py took 0.162 seconds
[2024-11-20T11:28:30.968+0000] {processor.py:186} INFO - Started process (PID=771) to work on /opt/airflow/dags/hello_world2.py
[2024-11-20T11:28:30.969+0000] {processor.py:914} INFO - Processing file /opt/airflow/dags/hello_world2.py for tasks to queue
[2024-11-20T11:28:30.972+0000] {logging_mixin.py:190} INFO - [2024-11-20T11:28:30.971+0000] {dagbag.py:588} INFO - Filling up the DagBag from /opt/airflow/dags/hello_world2.py
[2024-11-20T11:28:30.986+0000] {processor.py:925} INFO - DAG(s) 'hello_world' retrieved from /opt/airflow/dags/hello_world2.py
[2024-11-20T11:28:31.005+0000] {logging_mixin.py:190} INFO - [2024-11-20T11:28:31.004+0000] {dag.py:3239} INFO - Sync 1 DAGs
[2024-11-20T11:28:31.026+0000] {logging_mixin.py:190} INFO - [2024-11-20T11:28:31.025+0000] {dag.py:4180} INFO - Setting next_dagrun for hello_world to 2024-11-19 12:00:00+00:00, run_after=2024-11-20 12:00:00+00:00
[2024-11-20T11:28:31.042+0000] {processor.py:208} INFO - Processing /opt/airflow/dags/hello_world2.py took 0.085 seconds
[2024-11-20T11:29:01.844+0000] {processor.py:186} INFO - Started process (PID=836) to work on /opt/airflow/dags/hello_world2.py
[2024-11-20T11:29:01.845+0000] {processor.py:914} INFO - Processing file /opt/airflow/dags/hello_world2.py for tasks to queue
[2024-11-20T11:29:01.847+0000] {logging_mixin.py:190} INFO - [2024-11-20T11:29:01.847+0000] {dagbag.py:588} INFO - Filling up the DagBag from /opt/airflow/dags/hello_world2.py
[2024-11-20T11:29:01.862+0000] {processor.py:925} INFO - DAG(s) 'hello_world' retrieved from /opt/airflow/dags/hello_world2.py
[2024-11-20T11:29:01.874+0000] {logging_mixin.py:190} INFO - [2024-11-20T11:29:01.873+0000] {dag.py:3239} INFO - Sync 1 DAGs
[2024-11-20T11:29:01.896+0000] {logging_mixin.py:190} INFO - [2024-11-20T11:29:01.896+0000] {dag.py:4180} INFO - Setting next_dagrun for hello_world to 2024-11-19 12:00:00+00:00, run_after=2024-11-20 12:00:00+00:00
[2024-11-20T11:29:01.914+0000] {processor.py:208} INFO - Processing /opt/airflow/dags/hello_world2.py took 0.075 seconds
[2024-11-20T11:29:32.159+0000] {processor.py:186} INFO - Started process (PID=901) to work on /opt/airflow/dags/hello_world2.py
[2024-11-20T11:29:32.160+0000] {processor.py:914} INFO - Processing file /opt/airflow/dags/hello_world2.py for tasks to queue
[2024-11-20T11:29:32.162+0000] {logging_mixin.py:190} INFO - [2024-11-20T11:29:32.162+0000] {dagbag.py:588} INFO - Filling up the DagBag from /opt/airflow/dags/hello_world2.py
[2024-11-20T11:29:32.177+0000] {processor.py:925} INFO - DAG(s) 'hello_world' retrieved from /opt/airflow/dags/hello_world2.py
[2024-11-20T11:29:32.266+0000] {logging_mixin.py:190} INFO - [2024-11-20T11:29:32.266+0000] {dag.py:3239} INFO - Sync 1 DAGs
[2024-11-20T11:29:32.284+0000] {logging_mixin.py:190} INFO - [2024-11-20T11:29:32.284+0000] {dag.py:4180} INFO - Setting next_dagrun for hello_world to 2024-11-19 12:00:00+00:00, run_after=2024-11-20 12:00:00+00:00
[2024-11-20T11:29:32.300+0000] {processor.py:208} INFO - Processing /opt/airflow/dags/hello_world2.py took 0.146 seconds
[2024-11-20T11:30:03.068+0000] {processor.py:186} INFO - Started process (PID=966) to work on /opt/airflow/dags/hello_world2.py
[2024-11-20T11:30:03.069+0000] {processor.py:914} INFO - Processing file /opt/airflow/dags/hello_world2.py for tasks to queue
[2024-11-20T11:30:03.071+0000] {logging_mixin.py:190} INFO - [2024-11-20T11:30:03.071+0000] {dagbag.py:588} INFO - Filling up the DagBag from /opt/airflow/dags/hello_world2.py
[2024-11-20T11:30:03.085+0000] {processor.py:925} INFO - DAG(s) 'hello_world' retrieved from /opt/airflow/dags/hello_world2.py
[2024-11-20T11:30:03.102+0000] {logging_mixin.py:190} INFO - [2024-11-20T11:30:03.102+0000] {dag.py:3239} INFO - Sync 1 DAGs
[2024-11-20T11:30:03.125+0000] {logging_mixin.py:190} INFO - [2024-11-20T11:30:03.125+0000] {dag.py:4180} INFO - Setting next_dagrun for hello_world to 2024-11-19 12:00:00+00:00, run_after=2024-11-20 12:00:00+00:00
[2024-11-20T11:30:03.144+0000] {processor.py:208} INFO - Processing /opt/airflow/dags/hello_world2.py took 0.081 seconds
[2024-11-20T11:31:21.608+0000] {processor.py:186} INFO - Started process (PID=70) to work on /opt/airflow/dags/hello_world2.py
[2024-11-20T11:31:21.610+0000] {processor.py:914} INFO - Processing file /opt/airflow/dags/hello_world2.py for tasks to queue
[2024-11-20T11:31:21.613+0000] {logging_mixin.py:190} INFO - [2024-11-20T11:31:21.613+0000] {dagbag.py:588} INFO - Filling up the DagBag from /opt/airflow/dags/hello_world2.py
[2024-11-20T11:31:21.662+0000] {processor.py:925} INFO - DAG(s) 'hello_world' retrieved from /opt/airflow/dags/hello_world2.py
[2024-11-20T11:31:22.163+0000] {logging_mixin.py:190} INFO - [2024-11-20T11:31:22.162+0000] {dag.py:3239} INFO - Sync 1 DAGs
[2024-11-20T11:31:22.205+0000] {logging_mixin.py:190} INFO - [2024-11-20T11:31:22.205+0000] {dag.py:4180} INFO - Setting next_dagrun for hello_world to 2024-11-19 12:00:00+00:00, run_after=2024-11-20 12:00:00+00:00
[2024-11-20T11:31:22.237+0000] {processor.py:208} INFO - Processing /opt/airflow/dags/hello_world2.py took 0.638 seconds
[2024-11-20T11:31:52.861+0000] {processor.py:186} INFO - Started process (PID=134) to work on /opt/airflow/dags/hello_world2.py
[2024-11-20T11:31:52.861+0000] {processor.py:914} INFO - Processing file /opt/airflow/dags/hello_world2.py for tasks to queue
[2024-11-20T11:31:52.863+0000] {logging_mixin.py:190} INFO - [2024-11-20T11:31:52.863+0000] {dagbag.py:588} INFO - Filling up the DagBag from /opt/airflow/dags/hello_world2.py
[2024-11-20T11:31:52.878+0000] {processor.py:925} INFO - DAG(s) 'hello_world' retrieved from /opt/airflow/dags/hello_world2.py
[2024-11-20T11:31:52.894+0000] {logging_mixin.py:190} INFO - [2024-11-20T11:31:52.894+0000] {dag.py:3239} INFO - Sync 1 DAGs
[2024-11-20T11:31:52.914+0000] {logging_mixin.py:190} INFO - [2024-11-20T11:31:52.914+0000] {dag.py:4180} INFO - Setting next_dagrun for hello_world to 2024-11-19 12:00:00+00:00, run_after=2024-11-20 12:00:00+00:00
[2024-11-20T11:31:52.929+0000] {processor.py:208} INFO - Processing /opt/airflow/dags/hello_world2.py took 0.073 seconds
[2024-11-20T11:32:23.479+0000] {processor.py:186} INFO - Started process (PID=205) to work on /opt/airflow/dags/hello_world2.py
[2024-11-20T11:32:23.480+0000] {processor.py:914} INFO - Processing file /opt/airflow/dags/hello_world2.py for tasks to queue
[2024-11-20T11:32:23.481+0000] {logging_mixin.py:190} INFO - [2024-11-20T11:32:23.481+0000] {dagbag.py:588} INFO - Filling up the DagBag from /opt/airflow/dags/hello_world2.py
[2024-11-20T11:32:23.496+0000] {processor.py:925} INFO - DAG(s) 'hello_world' retrieved from /opt/airflow/dags/hello_world2.py
[2024-11-20T11:32:23.592+0000] {logging_mixin.py:190} INFO - [2024-11-20T11:32:23.591+0000] {dag.py:3239} INFO - Sync 1 DAGs
[2024-11-20T11:32:23.613+0000] {logging_mixin.py:190} INFO - [2024-11-20T11:32:23.613+0000] {dag.py:4180} INFO - Setting next_dagrun for hello_world to 2024-11-19 12:00:00+00:00, run_after=2024-11-20 12:00:00+00:00
[2024-11-20T11:32:23.631+0000] {processor.py:208} INFO - Processing /opt/airflow/dags/hello_world2.py took 0.157 seconds
[2024-11-20T11:32:46.069+0000] {processor.py:186} INFO - Started process (PID=263) to work on /opt/airflow/dags/hello_world2.py
[2024-11-20T11:32:46.070+0000] {processor.py:914} INFO - Processing file /opt/airflow/dags/hello_world2.py for tasks to queue
[2024-11-20T11:32:46.072+0000] {logging_mixin.py:190} INFO - [2024-11-20T11:32:46.072+0000] {dagbag.py:588} INFO - Filling up the DagBag from /opt/airflow/dags/hello_world2.py
[2024-11-20T11:32:46.095+0000] {processor.py:925} INFO - DAG(s) 'hello_world2' retrieved from /opt/airflow/dags/hello_world2.py
[2024-11-20T11:32:46.185+0000] {logging_mixin.py:190} INFO - [2024-11-20T11:32:46.184+0000] {override.py:1911} INFO - Created Permission View: can edit on DAG:hello_world2
[2024-11-20T11:32:46.194+0000] {logging_mixin.py:190} INFO - [2024-11-20T11:32:46.194+0000] {override.py:1911} INFO - Created Permission View: can delete on DAG:hello_world2
[2024-11-20T11:32:46.201+0000] {logging_mixin.py:190} INFO - [2024-11-20T11:32:46.201+0000] {override.py:1911} INFO - Created Permission View: can read on DAG:hello_world2
[2024-11-20T11:32:46.208+0000] {logging_mixin.py:190} INFO - [2024-11-20T11:32:46.208+0000] {override.py:1911} INFO - Created Permission View: can create on DAG Run:hello_world2
[2024-11-20T11:32:46.214+0000] {logging_mixin.py:190} INFO - [2024-11-20T11:32:46.213+0000] {override.py:1911} INFO - Created Permission View: menu access on DAG Run:hello_world2
[2024-11-20T11:32:46.219+0000] {logging_mixin.py:190} INFO - [2024-11-20T11:32:46.219+0000] {override.py:1911} INFO - Created Permission View: can delete on DAG Run:hello_world2
[2024-11-20T11:32:46.224+0000] {logging_mixin.py:190} INFO - [2024-11-20T11:32:46.224+0000] {override.py:1911} INFO - Created Permission View: can read on DAG Run:hello_world2
[2024-11-20T11:32:46.224+0000] {logging_mixin.py:190} INFO - [2024-11-20T11:32:46.224+0000] {dag.py:3239} INFO - Sync 1 DAGs
[2024-11-20T11:32:46.236+0000] {logging_mixin.py:190} INFO - [2024-11-20T11:32:46.235+0000] {dag.py:3262} INFO - Creating ORM DAG for hello_world2
[2024-11-20T11:32:46.246+0000] {logging_mixin.py:190} INFO - [2024-11-20T11:32:46.246+0000] {dag.py:4180} INFO - Setting next_dagrun for hello_world2 to 2024-11-18 12:00:00+00:00, run_after=2024-11-19 12:00:00+00:00
[2024-11-20T11:32:46.263+0000] {processor.py:208} INFO - Processing /opt/airflow/dags/hello_world2.py took 0.199 seconds
[2024-11-20T11:33:17.202+0000] {processor.py:186} INFO - Started process (PID=328) to work on /opt/airflow/dags/hello_world2.py
[2024-11-20T11:33:17.203+0000] {processor.py:914} INFO - Processing file /opt/airflow/dags/hello_world2.py for tasks to queue
[2024-11-20T11:33:17.205+0000] {logging_mixin.py:190} INFO - [2024-11-20T11:33:17.205+0000] {dagbag.py:588} INFO - Filling up the DagBag from /opt/airflow/dags/hello_world2.py
[2024-11-20T11:33:17.220+0000] {processor.py:925} INFO - DAG(s) 'hello_world2' retrieved from /opt/airflow/dags/hello_world2.py
[2024-11-20T11:33:17.235+0000] {logging_mixin.py:190} INFO - [2024-11-20T11:33:17.235+0000] {dag.py:3239} INFO - Sync 1 DAGs
[2024-11-20T11:33:17.257+0000] {logging_mixin.py:190} INFO - [2024-11-20T11:33:17.256+0000] {dag.py:4180} INFO - Setting next_dagrun for hello_world2 to 2024-11-18 12:00:00+00:00, run_after=2024-11-19 12:00:00+00:00
[2024-11-20T11:33:17.273+0000] {processor.py:208} INFO - Processing /opt/airflow/dags/hello_world2.py took 0.076 seconds
[2024-11-20T11:33:47.955+0000] {processor.py:186} INFO - Started process (PID=393) to work on /opt/airflow/dags/hello_world2.py
[2024-11-20T11:33:47.955+0000] {processor.py:914} INFO - Processing file /opt/airflow/dags/hello_world2.py for tasks to queue
[2024-11-20T11:33:47.957+0000] {logging_mixin.py:190} INFO - [2024-11-20T11:33:47.957+0000] {dagbag.py:588} INFO - Filling up the DagBag from /opt/airflow/dags/hello_world2.py
[2024-11-20T11:33:47.971+0000] {processor.py:925} INFO - DAG(s) 'hello_world2' retrieved from /opt/airflow/dags/hello_world2.py
[2024-11-20T11:33:47.988+0000] {logging_mixin.py:190} INFO - [2024-11-20T11:33:47.988+0000] {dag.py:3239} INFO - Sync 1 DAGs
[2024-11-20T11:33:48.008+0000] {logging_mixin.py:190} INFO - [2024-11-20T11:33:48.007+0000] {dag.py:4180} INFO - Setting next_dagrun for hello_world2 to 2024-11-18 12:00:00+00:00, run_after=2024-11-19 12:00:00+00:00
[2024-11-20T11:33:48.024+0000] {processor.py:208} INFO - Processing /opt/airflow/dags/hello_world2.py took 0.076 seconds
[2024-11-20T11:34:18.844+0000] {processor.py:186} INFO - Started process (PID=464) to work on /opt/airflow/dags/hello_world2.py
[2024-11-20T11:34:18.845+0000] {processor.py:914} INFO - Processing file /opt/airflow/dags/hello_world2.py for tasks to queue
[2024-11-20T11:34:18.847+0000] {logging_mixin.py:190} INFO - [2024-11-20T11:34:18.846+0000] {dagbag.py:588} INFO - Filling up the DagBag from /opt/airflow/dags/hello_world2.py
[2024-11-20T11:34:18.861+0000] {processor.py:925} INFO - DAG(s) 'hello_world2' retrieved from /opt/airflow/dags/hello_world2.py
[2024-11-20T11:34:18.877+0000] {logging_mixin.py:190} INFO - [2024-11-20T11:34:18.877+0000] {dag.py:3239} INFO - Sync 1 DAGs
[2024-11-20T11:34:18.896+0000] {logging_mixin.py:190} INFO - [2024-11-20T11:34:18.896+0000] {dag.py:4180} INFO - Setting next_dagrun for hello_world2 to 2024-11-18 12:00:00+00:00, run_after=2024-11-19 12:00:00+00:00
[2024-11-20T11:34:18.912+0000] {processor.py:208} INFO - Processing /opt/airflow/dags/hello_world2.py took 0.074 seconds
[2024-11-20T11:34:49.334+0000] {processor.py:186} INFO - Started process (PID=529) to work on /opt/airflow/dags/hello_world2.py
[2024-11-20T11:34:49.335+0000] {processor.py:914} INFO - Processing file /opt/airflow/dags/hello_world2.py for tasks to queue
[2024-11-20T11:34:49.337+0000] {logging_mixin.py:190} INFO - [2024-11-20T11:34:49.337+0000] {dagbag.py:588} INFO - Filling up the DagBag from /opt/airflow/dags/hello_world2.py
[2024-11-20T11:34:49.355+0000] {processor.py:925} INFO - DAG(s) 'hello_world2' retrieved from /opt/airflow/dags/hello_world2.py
[2024-11-20T11:34:49.372+0000] {logging_mixin.py:190} INFO - [2024-11-20T11:34:49.372+0000] {dag.py:3239} INFO - Sync 1 DAGs
[2024-11-20T11:34:49.392+0000] {logging_mixin.py:190} INFO - [2024-11-20T11:34:49.392+0000] {dag.py:4180} INFO - Setting next_dagrun for hello_world2 to 2024-11-18 12:00:00+00:00, run_after=2024-11-19 12:00:00+00:00
[2024-11-20T11:34:49.410+0000] {processor.py:208} INFO - Processing /opt/airflow/dags/hello_world2.py took 0.081 seconds
[2024-11-20T11:35:19.581+0000] {processor.py:186} INFO - Started process (PID=595) to work on /opt/airflow/dags/hello_world2.py
[2024-11-20T11:35:19.582+0000] {processor.py:914} INFO - Processing file /opt/airflow/dags/hello_world2.py for tasks to queue
[2024-11-20T11:35:19.584+0000] {logging_mixin.py:190} INFO - [2024-11-20T11:35:19.583+0000] {dagbag.py:588} INFO - Filling up the DagBag from /opt/airflow/dags/hello_world2.py
[2024-11-20T11:35:19.598+0000] {processor.py:925} INFO - DAG(s) 'hello_world2' retrieved from /opt/airflow/dags/hello_world2.py
[2024-11-20T11:35:19.615+0000] {logging_mixin.py:190} INFO - [2024-11-20T11:35:19.615+0000] {dag.py:3239} INFO - Sync 1 DAGs
[2024-11-20T11:35:19.635+0000] {logging_mixin.py:190} INFO - [2024-11-20T11:35:19.635+0000] {dag.py:4180} INFO - Setting next_dagrun for hello_world2 to 2024-11-18 12:00:00+00:00, run_after=2024-11-19 12:00:00+00:00
[2024-11-20T11:35:19.654+0000] {processor.py:208} INFO - Processing /opt/airflow/dags/hello_world2.py took 0.078 seconds
[2024-11-20T11:35:50.435+0000] {processor.py:186} INFO - Started process (PID=661) to work on /opt/airflow/dags/hello_world2.py
[2024-11-20T11:35:50.436+0000] {processor.py:914} INFO - Processing file /opt/airflow/dags/hello_world2.py for tasks to queue
[2024-11-20T11:35:50.438+0000] {logging_mixin.py:190} INFO - [2024-11-20T11:35:50.437+0000] {dagbag.py:588} INFO - Filling up the DagBag from /opt/airflow/dags/hello_world2.py
[2024-11-20T11:35:50.451+0000] {processor.py:925} INFO - DAG(s) 'hello_world2' retrieved from /opt/airflow/dags/hello_world2.py
[2024-11-20T11:35:50.467+0000] {logging_mixin.py:190} INFO - [2024-11-20T11:35:50.467+0000] {dag.py:3239} INFO - Sync 1 DAGs
[2024-11-20T11:35:50.488+0000] {logging_mixin.py:190} INFO - [2024-11-20T11:35:50.487+0000] {dag.py:4180} INFO - Setting next_dagrun for hello_world2 to 2024-11-18 12:00:00+00:00, run_after=2024-11-19 12:00:00+00:00
[2024-11-20T11:35:50.505+0000] {processor.py:208} INFO - Processing /opt/airflow/dags/hello_world2.py took 0.075 seconds
[2024-11-20T11:36:20.615+0000] {processor.py:186} INFO - Started process (PID=726) to work on /opt/airflow/dags/hello_world2.py
[2024-11-20T11:36:20.616+0000] {processor.py:914} INFO - Processing file /opt/airflow/dags/hello_world2.py for tasks to queue
[2024-11-20T11:36:20.618+0000] {logging_mixin.py:190} INFO - [2024-11-20T11:36:20.618+0000] {dagbag.py:588} INFO - Filling up the DagBag from /opt/airflow/dags/hello_world2.py
[2024-11-20T11:36:20.633+0000] {processor.py:925} INFO - DAG(s) 'hello_world2' retrieved from /opt/airflow/dags/hello_world2.py
[2024-11-20T11:36:20.651+0000] {logging_mixin.py:190} INFO - [2024-11-20T11:36:20.651+0000] {dag.py:3239} INFO - Sync 1 DAGs
[2024-11-20T11:36:20.673+0000] {logging_mixin.py:190} INFO - [2024-11-20T11:36:20.673+0000] {dag.py:4180} INFO - Setting next_dagrun for hello_world2 to 2024-11-18 12:00:00+00:00, run_after=2024-11-19 12:00:00+00:00
[2024-11-20T11:36:20.690+0000] {processor.py:208} INFO - Processing /opt/airflow/dags/hello_world2.py took 0.080 seconds
[2024-11-20T11:36:50.759+0000] {processor.py:186} INFO - Started process (PID=791) to work on /opt/airflow/dags/hello_world2.py
[2024-11-20T11:36:50.760+0000] {processor.py:914} INFO - Processing file /opt/airflow/dags/hello_world2.py for tasks to queue
[2024-11-20T11:36:50.762+0000] {logging_mixin.py:190} INFO - [2024-11-20T11:36:50.762+0000] {dagbag.py:588} INFO - Filling up the DagBag from /opt/airflow/dags/hello_world2.py
[2024-11-20T11:36:50.776+0000] {processor.py:925} INFO - DAG(s) 'hello_world2' retrieved from /opt/airflow/dags/hello_world2.py
[2024-11-20T11:36:50.793+0000] {logging_mixin.py:190} INFO - [2024-11-20T11:36:50.793+0000] {dag.py:3239} INFO - Sync 1 DAGs
[2024-11-20T11:36:50.814+0000] {logging_mixin.py:190} INFO - [2024-11-20T11:36:50.813+0000] {dag.py:4180} INFO - Setting next_dagrun for hello_world2 to 2024-11-18 12:00:00+00:00, run_after=2024-11-19 12:00:00+00:00
[2024-11-20T11:36:50.829+0000] {processor.py:208} INFO - Processing /opt/airflow/dags/hello_world2.py took 0.074 seconds
