[2024-11-20T14:40:40.152+0000] {processor.py:186} INFO - Started process (PID=12928) to work on /opt/airflow/dags/scrap_data.py
[2024-11-20T14:40:40.153+0000] {processor.py:914} INFO - Processing file /opt/airflow/dags/scrap_data.py for tasks to queue
[2024-11-20T14:40:40.154+0000] {logging_mixin.py:190} INFO - [2024-11-20T14:40:40.154+0000] {dagbag.py:588} INFO - Filling up the DagBag from /opt/airflow/dags/scrap_data.py
[2024-11-20T14:40:40.173+0000] {processor.py:925} INFO - DAG(s) 'hello_world3' retrieved from /opt/airflow/dags/scrap_data.py
[2024-11-20T14:40:40.263+0000] {logging_mixin.py:190} INFO - [2024-11-20T14:40:40.263+0000] {dag.py:3239} INFO - Sync 1 DAGs
[2024-11-20T14:40:40.282+0000] {logging_mixin.py:190} INFO - [2024-11-20T14:40:40.282+0000] {dag.py:4180} INFO - Setting next_dagrun for hello_world3 to 2024-11-19 12:00:00+00:00, run_after=2024-11-20 12:00:00+00:00
[2024-11-20T14:40:40.301+0000] {processor.py:208} INFO - Processing /opt/airflow/dags/scrap_data.py took 0.154 seconds
[2024-11-20T14:41:10.769+0000] {processor.py:186} INFO - Started process (PID=12988) to work on /opt/airflow/dags/scrap_data.py
[2024-11-20T14:41:10.771+0000] {processor.py:914} INFO - Processing file /opt/airflow/dags/scrap_data.py for tasks to queue
[2024-11-20T14:41:10.772+0000] {logging_mixin.py:190} INFO - [2024-11-20T14:41:10.771+0000] {dagbag.py:588} INFO - Filling up the DagBag from /opt/airflow/dags/scrap_data.py
[2024-11-20T14:41:10.787+0000] {processor.py:925} INFO - DAG(s) 'hello_world3' retrieved from /opt/airflow/dags/scrap_data.py
[2024-11-20T14:41:10.805+0000] {logging_mixin.py:190} INFO - [2024-11-20T14:41:10.805+0000] {dag.py:3239} INFO - Sync 1 DAGs
[2024-11-20T14:41:10.826+0000] {logging_mixin.py:190} INFO - [2024-11-20T14:41:10.826+0000] {dag.py:4180} INFO - Setting next_dagrun for hello_world3 to 2024-11-19 12:00:00+00:00, run_after=2024-11-20 12:00:00+00:00
[2024-11-20T14:41:10.840+0000] {processor.py:208} INFO - Processing /opt/airflow/dags/scrap_data.py took 0.076 seconds
[2024-11-20T14:41:41.183+0000] {processor.py:186} INFO - Started process (PID=13047) to work on /opt/airflow/dags/scrap_data.py
[2024-11-20T14:41:41.184+0000] {processor.py:914} INFO - Processing file /opt/airflow/dags/scrap_data.py for tasks to queue
[2024-11-20T14:41:41.185+0000] {logging_mixin.py:190} INFO - [2024-11-20T14:41:41.184+0000] {dagbag.py:588} INFO - Filling up the DagBag from /opt/airflow/dags/scrap_data.py
[2024-11-20T14:41:41.201+0000] {processor.py:925} INFO - DAG(s) 'hello_world3' retrieved from /opt/airflow/dags/scrap_data.py
[2024-11-20T14:41:41.218+0000] {logging_mixin.py:190} INFO - [2024-11-20T14:41:41.217+0000] {dag.py:3239} INFO - Sync 1 DAGs
[2024-11-20T14:41:41.240+0000] {logging_mixin.py:190} INFO - [2024-11-20T14:41:41.240+0000] {dag.py:4180} INFO - Setting next_dagrun for hello_world3 to 2024-11-19 12:00:00+00:00, run_after=2024-11-20 12:00:00+00:00
[2024-11-20T14:41:41.255+0000] {processor.py:208} INFO - Processing /opt/airflow/dags/scrap_data.py took 0.077 seconds
[2024-11-20T14:42:11.381+0000] {processor.py:186} INFO - Started process (PID=13111) to work on /opt/airflow/dags/scrap_data.py
[2024-11-20T14:42:11.383+0000] {processor.py:914} INFO - Processing file /opt/airflow/dags/scrap_data.py for tasks to queue
[2024-11-20T14:42:11.385+0000] {logging_mixin.py:190} INFO - [2024-11-20T14:42:11.385+0000] {dagbag.py:588} INFO - Filling up the DagBag from /opt/airflow/dags/scrap_data.py
[2024-11-20T14:42:11.407+0000] {processor.py:925} INFO - DAG(s) 'hello_world3' retrieved from /opt/airflow/dags/scrap_data.py
[2024-11-20T14:42:11.433+0000] {logging_mixin.py:190} INFO - [2024-11-20T14:42:11.433+0000] {dag.py:3239} INFO - Sync 1 DAGs
[2024-11-20T14:42:11.467+0000] {logging_mixin.py:190} INFO - [2024-11-20T14:42:11.466+0000] {dag.py:4180} INFO - Setting next_dagrun for hello_world3 to 2024-11-19 12:00:00+00:00, run_after=2024-11-20 12:00:00+00:00
[2024-11-20T14:42:11.491+0000] {processor.py:208} INFO - Processing /opt/airflow/dags/scrap_data.py took 0.117 seconds
[2024-11-20T14:42:41.905+0000] {processor.py:186} INFO - Started process (PID=13175) to work on /opt/airflow/dags/scrap_data.py
[2024-11-20T14:42:41.905+0000] {processor.py:914} INFO - Processing file /opt/airflow/dags/scrap_data.py for tasks to queue
[2024-11-20T14:42:41.906+0000] {logging_mixin.py:190} INFO - [2024-11-20T14:42:41.906+0000] {dagbag.py:588} INFO - Filling up the DagBag from /opt/airflow/dags/scrap_data.py
[2024-11-20T14:42:41.920+0000] {processor.py:925} INFO - DAG(s) 'hello_world3' retrieved from /opt/airflow/dags/scrap_data.py
[2024-11-20T14:42:41.936+0000] {logging_mixin.py:190} INFO - [2024-11-20T14:42:41.935+0000] {dag.py:3239} INFO - Sync 1 DAGs
[2024-11-20T14:42:41.954+0000] {logging_mixin.py:190} INFO - [2024-11-20T14:42:41.954+0000] {dag.py:4180} INFO - Setting next_dagrun for hello_world3 to 2024-11-19 12:00:00+00:00, run_after=2024-11-20 12:00:00+00:00
[2024-11-20T14:42:41.969+0000] {processor.py:208} INFO - Processing /opt/airflow/dags/scrap_data.py took 0.069 seconds
[2024-11-20T14:43:12.226+0000] {processor.py:186} INFO - Started process (PID=13239) to work on /opt/airflow/dags/scrap_data.py
[2024-11-20T14:43:12.228+0000] {processor.py:914} INFO - Processing file /opt/airflow/dags/scrap_data.py for tasks to queue
[2024-11-20T14:43:12.230+0000] {logging_mixin.py:190} INFO - [2024-11-20T14:43:12.229+0000] {dagbag.py:588} INFO - Filling up the DagBag from /opt/airflow/dags/scrap_data.py
[2024-11-20T14:43:12.273+0000] {processor.py:925} INFO - DAG(s) 'hello_world3' retrieved from /opt/airflow/dags/scrap_data.py
[2024-11-20T14:43:12.312+0000] {logging_mixin.py:190} INFO - [2024-11-20T14:43:12.312+0000] {dag.py:3239} INFO - Sync 1 DAGs
[2024-11-20T14:43:12.378+0000] {logging_mixin.py:190} INFO - [2024-11-20T14:43:12.374+0000] {dag.py:4180} INFO - Setting next_dagrun for hello_world3 to 2024-11-19 12:00:00+00:00, run_after=2024-11-20 12:00:00+00:00
[2024-11-20T14:43:12.419+0000] {processor.py:208} INFO - Processing /opt/airflow/dags/scrap_data.py took 0.202 seconds
[2024-11-20T14:43:42.595+0000] {processor.py:186} INFO - Started process (PID=13303) to work on /opt/airflow/dags/scrap_data.py
[2024-11-20T14:43:42.597+0000] {processor.py:914} INFO - Processing file /opt/airflow/dags/scrap_data.py for tasks to queue
[2024-11-20T14:43:42.599+0000] {logging_mixin.py:190} INFO - [2024-11-20T14:43:42.599+0000] {dagbag.py:588} INFO - Filling up the DagBag from /opt/airflow/dags/scrap_data.py
[2024-11-20T14:43:42.621+0000] {processor.py:925} INFO - DAG(s) 'hello_world3' retrieved from /opt/airflow/dags/scrap_data.py
[2024-11-20T14:43:42.646+0000] {logging_mixin.py:190} INFO - [2024-11-20T14:43:42.646+0000] {dag.py:3239} INFO - Sync 1 DAGs
[2024-11-20T14:43:42.680+0000] {logging_mixin.py:190} INFO - [2024-11-20T14:43:42.680+0000] {dag.py:4180} INFO - Setting next_dagrun for hello_world3 to 2024-11-19 12:00:00+00:00, run_after=2024-11-20 12:00:00+00:00
[2024-11-20T14:43:42.696+0000] {processor.py:208} INFO - Processing /opt/airflow/dags/scrap_data.py took 0.109 seconds
[2024-11-20T14:44:12.955+0000] {processor.py:186} INFO - Started process (PID=13367) to work on /opt/airflow/dags/scrap_data.py
[2024-11-20T14:44:12.956+0000] {processor.py:914} INFO - Processing file /opt/airflow/dags/scrap_data.py for tasks to queue
[2024-11-20T14:44:12.957+0000] {logging_mixin.py:190} INFO - [2024-11-20T14:44:12.957+0000] {dagbag.py:588} INFO - Filling up the DagBag from /opt/airflow/dags/scrap_data.py
[2024-11-20T14:44:12.972+0000] {processor.py:925} INFO - DAG(s) 'hello_world3' retrieved from /opt/airflow/dags/scrap_data.py
[2024-11-20T14:44:12.988+0000] {logging_mixin.py:190} INFO - [2024-11-20T14:44:12.988+0000] {dag.py:3239} INFO - Sync 1 DAGs
[2024-11-20T14:44:13.009+0000] {logging_mixin.py:190} INFO - [2024-11-20T14:44:13.009+0000] {dag.py:4180} INFO - Setting next_dagrun for hello_world3 to 2024-11-19 12:00:00+00:00, run_after=2024-11-20 12:00:00+00:00
[2024-11-20T14:44:13.024+0000] {processor.py:208} INFO - Processing /opt/airflow/dags/scrap_data.py took 0.075 seconds
[2024-11-20T14:44:43.155+0000] {processor.py:186} INFO - Started process (PID=13431) to work on /opt/airflow/dags/scrap_data.py
[2024-11-20T14:44:43.156+0000] {processor.py:914} INFO - Processing file /opt/airflow/dags/scrap_data.py for tasks to queue
[2024-11-20T14:44:43.157+0000] {logging_mixin.py:190} INFO - [2024-11-20T14:44:43.156+0000] {dagbag.py:588} INFO - Filling up the DagBag from /opt/airflow/dags/scrap_data.py
[2024-11-20T14:44:43.171+0000] {processor.py:925} INFO - DAG(s) 'hello_world3' retrieved from /opt/airflow/dags/scrap_data.py
[2024-11-20T14:44:43.187+0000] {logging_mixin.py:190} INFO - [2024-11-20T14:44:43.187+0000] {dag.py:3239} INFO - Sync 1 DAGs
[2024-11-20T14:44:43.209+0000] {logging_mixin.py:190} INFO - [2024-11-20T14:44:43.208+0000] {dag.py:4180} INFO - Setting next_dagrun for hello_world3 to 2024-11-19 12:00:00+00:00, run_after=2024-11-20 12:00:00+00:00
[2024-11-20T14:44:43.227+0000] {processor.py:208} INFO - Processing /opt/airflow/dags/scrap_data.py took 0.077 seconds
[2024-11-20T14:45:13.574+0000] {processor.py:186} INFO - Started process (PID=13495) to work on /opt/airflow/dags/scrap_data.py
[2024-11-20T14:45:13.575+0000] {processor.py:914} INFO - Processing file /opt/airflow/dags/scrap_data.py for tasks to queue
[2024-11-20T14:45:13.576+0000] {logging_mixin.py:190} INFO - [2024-11-20T14:45:13.576+0000] {dagbag.py:588} INFO - Filling up the DagBag from /opt/airflow/dags/scrap_data.py
[2024-11-20T14:45:13.593+0000] {processor.py:925} INFO - DAG(s) 'hello_world3' retrieved from /opt/airflow/dags/scrap_data.py
[2024-11-20T14:45:13.612+0000] {logging_mixin.py:190} INFO - [2024-11-20T14:45:13.611+0000] {dag.py:3239} INFO - Sync 1 DAGs
[2024-11-20T14:45:13.640+0000] {logging_mixin.py:190} INFO - [2024-11-20T14:45:13.640+0000] {dag.py:4180} INFO - Setting next_dagrun for hello_world3 to 2024-11-19 12:00:00+00:00, run_after=2024-11-20 12:00:00+00:00
[2024-11-20T14:45:13.658+0000] {processor.py:208} INFO - Processing /opt/airflow/dags/scrap_data.py took 0.089 seconds
[2024-11-20T14:45:44.334+0000] {processor.py:186} INFO - Started process (PID=13559) to work on /opt/airflow/dags/scrap_data.py
[2024-11-20T14:45:44.335+0000] {processor.py:914} INFO - Processing file /opt/airflow/dags/scrap_data.py for tasks to queue
[2024-11-20T14:45:44.336+0000] {logging_mixin.py:190} INFO - [2024-11-20T14:45:44.335+0000] {dagbag.py:588} INFO - Filling up the DagBag from /opt/airflow/dags/scrap_data.py
[2024-11-20T14:45:44.350+0000] {processor.py:925} INFO - DAG(s) 'hello_world3' retrieved from /opt/airflow/dags/scrap_data.py
[2024-11-20T14:45:44.366+0000] {logging_mixin.py:190} INFO - [2024-11-20T14:45:44.365+0000] {dag.py:3239} INFO - Sync 1 DAGs
[2024-11-20T14:45:44.388+0000] {logging_mixin.py:190} INFO - [2024-11-20T14:45:44.387+0000] {dag.py:4180} INFO - Setting next_dagrun for hello_world3 to 2024-11-19 12:00:00+00:00, run_after=2024-11-20 12:00:00+00:00
[2024-11-20T14:45:44.404+0000] {processor.py:208} INFO - Processing /opt/airflow/dags/scrap_data.py took 0.075 seconds
