[2024-11-22T13:43:02.366+0000] {local_task_job_runner.py:123} INFO - ::group::Pre task execution logs
[2024-11-22T13:43:02.382+0000] {taskinstance.py:2613} INFO - Dependencies all met for dep_context=non-requeueable deps ti=<TaskInstance: insert_stockprices_daily_table.import_stockprices manual__2024-11-22T13:42:57.301004+00:00 [queued]>
[2024-11-22T13:43:02.389+0000] {taskinstance.py:2613} INFO - Dependencies all met for dep_context=requeueable deps ti=<TaskInstance: insert_stockprices_daily_table.import_stockprices manual__2024-11-22T13:42:57.301004+00:00 [queued]>
[2024-11-22T13:43:02.390+0000] {taskinstance.py:2866} INFO - Starting attempt 1 of 1
[2024-11-22T13:43:02.403+0000] {taskinstance.py:2889} INFO - Executing <Task(PythonOperator): import_stockprices> on 2024-11-22 13:42:57.301004+00:00
[2024-11-22T13:43:02.413+0000] {warnings.py:112} WARNING - /home/***/.local/lib/python3.12/site-packages/***/task/task_runner/standard_task_runner.py:70: DeprecationWarning: This process (pid=79) is multi-threaded, use of fork() may lead to deadlocks in the child.
  pid = os.fork()

[2024-11-22T13:43:02.414+0000] {standard_task_runner.py:104} INFO - Running: ['***', 'tasks', 'run', 'insert_stockprices_daily_table', 'import_stockprices', 'manual__2024-11-22T13:42:57.301004+00:00', '--job-id', '44', '--raw', '--subdir', 'DAGS_FOLDER/insert_stockdailyprice.py', '--cfg-path', '/tmp/tmprey7on1b']
[2024-11-22T13:43:02.415+0000] {standard_task_runner.py:72} INFO - Started process 88 to run task
[2024-11-22T13:43:02.416+0000] {standard_task_runner.py:105} INFO - Job 44: Subtask import_stockprices
[2024-11-22T13:43:02.742+0000] {task_command.py:467} INFO - Running <TaskInstance: insert_stockprices_daily_table.import_stockprices manual__2024-11-22T13:42:57.301004+00:00 [running]> on host 7f1386177236
[2024-11-22T13:43:02.820+0000] {taskinstance.py:3132} INFO - Exporting env vars: AIRFLOW_CTX_DAG_OWNER='***' AIRFLOW_CTX_DAG_ID='insert_stockprices_daily_table' AIRFLOW_CTX_TASK_ID='import_stockprices' AIRFLOW_CTX_EXECUTION_DATE='2024-11-22T13:42:57.301004+00:00' AIRFLOW_CTX_TRY_NUMBER='1' AIRFLOW_CTX_DAG_RUN_ID='manual__2024-11-22T13:42:57.301004+00:00'
[2024-11-22T13:43:02.821+0000] {logging_mixin.py:190} INFO - Task instance is in running state
[2024-11-22T13:43:02.822+0000] {logging_mixin.py:190} INFO -  Previous state of the Task instance: queued
[2024-11-22T13:43:02.822+0000] {logging_mixin.py:190} INFO - Current task name:import_stockprices state:running start_date:2024-11-22 13:43:02.383531+00:00
[2024-11-22T13:43:02.823+0000] {logging_mixin.py:190} INFO - Dag name:insert_stockprices_daily_table and current dag run status:running
[2024-11-22T13:43:02.823+0000] {taskinstance.py:731} INFO - ::endgroup::
[2024-11-22T13:43:03.872+0000] {python.py:240} INFO - Done. Returned value was: None
[2024-11-22T13:43:03.884+0000] {taskinstance.py:340} INFO - ::group::Post task execution logs
[2024-11-22T13:43:03.885+0000] {taskinstance.py:352} INFO - Marking task as SUCCESS. dag_id=insert_stockprices_daily_table, task_id=import_stockprices, run_id=manual__2024-11-22T13:42:57.301004+00:00, execution_date=20241122T134257, start_date=20241122T134302, end_date=20241122T134303
[2024-11-22T13:43:03.897+0000] {logging_mixin.py:190} INFO - Task instance in success state
[2024-11-22T13:43:03.898+0000] {logging_mixin.py:190} INFO -  Previous state of the Task instance: running
[2024-11-22T13:43:03.898+0000] {logging_mixin.py:190} INFO - Dag name:insert_stockprices_daily_table queued_at:2024-11-22 13:42:57.344473+00:00
[2024-11-22T13:43:03.898+0000] {logging_mixin.py:190} INFO - Task hostname:7f1386177236 operator:PythonOperator
[2024-11-22T13:43:03.919+0000] {local_task_job_runner.py:266} INFO - Task exited with return code 0
[2024-11-22T13:43:03.945+0000] {taskinstance.py:3895} INFO - 1 downstream tasks scheduled from follow-on schedule check
[2024-11-22T13:43:03.947+0000] {local_task_job_runner.py:245} INFO - ::endgroup::
