[2024-11-22T13:44:58.218+0000] {local_task_job_runner.py:123} INFO - ::group::Pre task execution logs
[2024-11-22T13:44:58.244+0000] {taskinstance.py:2613} INFO - Dependencies all met for dep_context=non-requeueable deps ti=<TaskInstance: insert_stockprices_daily_table.insert_to_db manual__2024-11-22T13:44:48.950863+00:00 [queued]>
[2024-11-22T13:44:58.253+0000] {taskinstance.py:2613} INFO - Dependencies all met for dep_context=requeueable deps ti=<TaskInstance: insert_stockprices_daily_table.insert_to_db manual__2024-11-22T13:44:48.950863+00:00 [queued]>
[2024-11-22T13:44:58.254+0000] {taskinstance.py:2866} INFO - Starting attempt 1 of 1
[2024-11-22T13:44:58.272+0000] {taskinstance.py:2889} INFO - Executing <Task(PythonOperator): insert_to_db> on 2024-11-22 13:44:48.950863+00:00
[2024-11-22T13:44:58.283+0000] {warnings.py:112} WARNING - /home/***/.local/lib/python3.12/site-packages/***/task/task_runner/standard_task_runner.py:70: DeprecationWarning: This process (pid=128) is multi-threaded, use of fork() may lead to deadlocks in the child.
  pid = os.fork()

[2024-11-22T13:44:58.285+0000] {standard_task_runner.py:104} INFO - Running: ['***', 'tasks', 'run', 'insert_stockprices_daily_table', 'insert_to_db', 'manual__2024-11-22T13:44:48.950863+00:00', '--job-id', '49', '--raw', '--subdir', 'DAGS_FOLDER/insert_stockdailyprice.py', '--cfg-path', '/tmp/tmp0saqnrmh']
[2024-11-22T13:44:58.286+0000] {standard_task_runner.py:72} INFO - Started process 130 to run task
[2024-11-22T13:44:58.287+0000] {standard_task_runner.py:105} INFO - Job 49: Subtask insert_to_db
[2024-11-22T13:44:58.701+0000] {task_command.py:467} INFO - Running <TaskInstance: insert_stockprices_daily_table.insert_to_db manual__2024-11-22T13:44:48.950863+00:00 [running]> on host 7f1386177236
[2024-11-22T13:44:58.783+0000] {taskinstance.py:3132} INFO - Exporting env vars: AIRFLOW_CTX_DAG_OWNER='***' AIRFLOW_CTX_DAG_ID='insert_stockprices_daily_table' AIRFLOW_CTX_TASK_ID='insert_to_db' AIRFLOW_CTX_EXECUTION_DATE='2024-11-22T13:44:48.950863+00:00' AIRFLOW_CTX_TRY_NUMBER='1' AIRFLOW_CTX_DAG_RUN_ID='manual__2024-11-22T13:44:48.950863+00:00'
[2024-11-22T13:44:58.784+0000] {logging_mixin.py:190} INFO - Task instance is in running state
[2024-11-22T13:44:58.785+0000] {logging_mixin.py:190} INFO -  Previous state of the Task instance: queued
[2024-11-22T13:44:58.786+0000] {logging_mixin.py:190} INFO - Current task name:insert_to_db state:running start_date:2024-11-22 13:44:58.245190+00:00
[2024-11-22T13:44:58.786+0000] {logging_mixin.py:190} INFO - Dag name:insert_stockprices_daily_table and current dag run status:running
[2024-11-22T13:44:58.787+0000] {taskinstance.py:731} INFO - ::endgroup::
[2024-11-22T13:44:59.503+0000] {python.py:240} INFO - Done. Returned value was: None
[2024-11-22T13:44:59.513+0000] {taskinstance.py:340} INFO - ::group::Post task execution logs
[2024-11-22T13:44:59.514+0000] {taskinstance.py:352} INFO - Marking task as SUCCESS. dag_id=insert_stockprices_daily_table, task_id=insert_to_db, run_id=manual__2024-11-22T13:44:48.950863+00:00, execution_date=20241122T134448, start_date=20241122T134458, end_date=20241122T134459
[2024-11-22T13:44:59.523+0000] {logging_mixin.py:190} INFO - Task instance in success state
[2024-11-22T13:44:59.524+0000] {logging_mixin.py:190} INFO -  Previous state of the Task instance: running
[2024-11-22T13:44:59.524+0000] {logging_mixin.py:190} INFO - Dag name:insert_stockprices_daily_table queued_at:2024-11-22 13:44:48.976001+00:00
[2024-11-22T13:44:59.525+0000] {logging_mixin.py:190} INFO - Task hostname:7f1386177236 operator:PythonOperator
[2024-11-22T13:44:59.546+0000] {local_task_job_runner.py:266} INFO - Task exited with return code 0
[2024-11-22T13:44:59.767+0000] {taskinstance.py:3895} INFO - 0 downstream tasks scheduled from follow-on schedule check
[2024-11-22T13:44:59.789+0000] {local_task_job_runner.py:245} INFO - ::endgroup::
