[2024-11-22T11:44:01.583+0000] {local_task_job_runner.py:123} INFO - ::group::Pre task execution logs
[2024-11-22T11:44:01.598+0000] {taskinstance.py:2613} INFO - Dependencies all met for dep_context=non-requeueable deps ti=<TaskInstance: insert_stocknames_table.import_stocknames manual__2024-11-22T11:43:59.121108+00:00 [queued]>
[2024-11-22T11:44:01.605+0000] {taskinstance.py:2613} INFO - Dependencies all met for dep_context=requeueable deps ti=<TaskInstance: insert_stocknames_table.import_stocknames manual__2024-11-22T11:43:59.121108+00:00 [queued]>
[2024-11-22T11:44:01.606+0000] {taskinstance.py:2866} INFO - Starting attempt 1 of 1
[2024-11-22T11:44:01.783+0000] {taskinstance.py:2889} INFO - Executing <Task(PythonOperator): import_stocknames> on 2024-11-22 11:43:59.121108+00:00
[2024-11-22T11:44:01.792+0000] {warnings.py:112} WARNING - /home/***/.local/lib/python3.12/site-packages/***/task/task_runner/standard_task_runner.py:70: DeprecationWarning: This process (pid=787) is multi-threaded, use of fork() may lead to deadlocks in the child.
  pid = os.fork()

[2024-11-22T11:44:01.794+0000] {standard_task_runner.py:72} INFO - Started process 789 to run task
[2024-11-22T11:44:01.795+0000] {standard_task_runner.py:104} INFO - Running: ['***', 'tasks', 'run', 'insert_stocknames_table', 'import_stocknames', 'manual__2024-11-22T11:43:59.121108+00:00', '--job-id', '23', '--raw', '--subdir', 'DAGS_FOLDER/insert_stocknames.py', '--cfg-path', '/tmp/tmpyrduhz9o']
[2024-11-22T11:44:01.796+0000] {standard_task_runner.py:105} INFO - Job 23: Subtask import_stocknames
[2024-11-22T11:44:01.835+0000] {task_command.py:467} INFO - Running <TaskInstance: insert_stocknames_table.import_stocknames manual__2024-11-22T11:43:59.121108+00:00 [running]> on host b1cd3ec251f1
[2024-11-22T11:44:01.908+0000] {taskinstance.py:3132} INFO - Exporting env vars: AIRFLOW_CTX_DAG_OWNER='***' AIRFLOW_CTX_DAG_ID='insert_stocknames_table' AIRFLOW_CTX_TASK_ID='import_stocknames' AIRFLOW_CTX_EXECUTION_DATE='2024-11-22T11:43:59.121108+00:00' AIRFLOW_CTX_TRY_NUMBER='1' AIRFLOW_CTX_DAG_RUN_ID='manual__2024-11-22T11:43:59.121108+00:00'
[2024-11-22T11:44:01.909+0000] {logging_mixin.py:190} INFO - Task instance is in running state
[2024-11-22T11:44:01.910+0000] {logging_mixin.py:190} INFO -  Previous state of the Task instance: queued
[2024-11-22T11:44:01.910+0000] {logging_mixin.py:190} INFO - Current task name:import_stocknames state:running start_date:2024-11-22 11:44:01.599191+00:00
[2024-11-22T11:44:01.911+0000] {logging_mixin.py:190} INFO - Dag name:insert_stocknames_table and current dag run status:running
[2024-11-22T11:44:01.911+0000] {taskinstance.py:731} INFO - ::endgroup::
[2024-11-22T11:44:02.852+0000] {operator_helpers.py:268} WARNING - Ignoring unknown data of <class 'tuple'> received from task
[2024-11-22T11:44:02.853+0000] {operator_helpers.py:268} WARNING - Ignoring unknown data of <class 'tuple'> received from task
[2024-11-22T11:44:02.853+0000] {operator_helpers.py:268} WARNING - Ignoring unknown data of <class 'tuple'> received from task
[2024-11-22T11:44:02.854+0000] {operator_helpers.py:268} WARNING - Ignoring unknown data of <class 'tuple'> received from task
[2024-11-22T11:44:02.854+0000] {operator_helpers.py:268} WARNING - Ignoring unknown data of <class 'tuple'> received from task
[2024-11-22T11:44:02.854+0000] {operator_helpers.py:268} WARNING - Ignoring unknown data of <class 'tuple'> received from task
[2024-11-22T11:44:02.855+0000] {operator_helpers.py:268} WARNING - Ignoring unknown data of <class 'tuple'> received from task
[2024-11-22T11:44:02.855+0000] {operator_helpers.py:268} WARNING - Ignoring unknown data of <class 'tuple'> received from task
[2024-11-22T11:44:02.856+0000] {operator_helpers.py:268} WARNING - Ignoring unknown data of <class 'tuple'> received from task
[2024-11-22T11:44:02.856+0000] {operator_helpers.py:268} WARNING - Ignoring unknown data of <class 'tuple'> received from task
[2024-11-22T11:44:02.856+0000] {operator_helpers.py:268} WARNING - Ignoring unknown data of <class 'tuple'> received from task
[2024-11-22T11:44:02.857+0000] {operator_helpers.py:268} WARNING - Ignoring unknown data of <class 'tuple'> received from task
[2024-11-22T11:44:02.857+0000] {operator_helpers.py:268} WARNING - Ignoring unknown data of <class 'tuple'> received from task
[2024-11-22T11:44:02.857+0000] {operator_helpers.py:268} WARNING - Ignoring unknown data of <class 'tuple'> received from task
[2024-11-22T11:44:02.857+0000] {operator_helpers.py:268} WARNING - Ignoring unknown data of <class 'tuple'> received from task
[2024-11-22T11:44:02.858+0000] {operator_helpers.py:268} WARNING - Ignoring unknown data of <class 'tuple'> received from task
[2024-11-22T11:44:02.858+0000] {operator_helpers.py:268} WARNING - Ignoring unknown data of <class 'tuple'> received from task
[2024-11-22T11:44:02.858+0000] {operator_helpers.py:268} WARNING - Ignoring unknown data of <class 'tuple'> received from task
[2024-11-22T11:44:02.859+0000] {operator_helpers.py:268} WARNING - Ignoring unknown data of <class 'tuple'> received from task
[2024-11-22T11:44:02.859+0000] {operator_helpers.py:268} WARNING - Ignoring unknown data of <class 'tuple'> received from task
[2024-11-22T11:44:02.859+0000] {operator_helpers.py:268} WARNING - Ignoring unknown data of <class 'tuple'> received from task
[2024-11-22T11:44:02.860+0000] {operator_helpers.py:268} WARNING - Ignoring unknown data of <class 'tuple'> received from task
[2024-11-22T11:44:02.860+0000] {operator_helpers.py:268} WARNING - Ignoring unknown data of <class 'tuple'> received from task
[2024-11-22T11:44:02.860+0000] {operator_helpers.py:268} WARNING - Ignoring unknown data of <class 'tuple'> received from task
[2024-11-22T11:44:02.861+0000] {operator_helpers.py:268} WARNING - Ignoring unknown data of <class 'tuple'> received from task
[2024-11-22T11:44:02.861+0000] {operator_helpers.py:268} WARNING - Ignoring unknown data of <class 'tuple'> received from task
[2024-11-22T11:44:02.861+0000] {operator_helpers.py:268} WARNING - Ignoring unknown data of <class 'tuple'> received from task
[2024-11-22T11:44:02.862+0000] {operator_helpers.py:268} WARNING - Ignoring unknown data of <class 'tuple'> received from task
[2024-11-22T11:44:02.862+0000] {operator_helpers.py:268} WARNING - Ignoring unknown data of <class 'tuple'> received from task
[2024-11-22T11:44:02.862+0000] {operator_helpers.py:268} WARNING - Ignoring unknown data of <class 'tuple'> received from task
[2024-11-22T11:44:02.863+0000] {operator_helpers.py:268} WARNING - Ignoring unknown data of <class 'tuple'> received from task
[2024-11-22T11:44:02.863+0000] {operator_helpers.py:268} WARNING - Ignoring unknown data of <class 'tuple'> received from task
[2024-11-22T11:44:02.863+0000] {operator_helpers.py:268} WARNING - Ignoring unknown data of <class 'tuple'> received from task
[2024-11-22T11:44:02.863+0000] {operator_helpers.py:268} WARNING - Ignoring unknown data of <class 'tuple'> received from task
[2024-11-22T11:44:02.864+0000] {operator_helpers.py:268} WARNING - Ignoring unknown data of <class 'tuple'> received from task
[2024-11-22T11:44:02.864+0000] {operator_helpers.py:268} WARNING - Ignoring unknown data of <class 'tuple'> received from task
[2024-11-22T11:44:02.864+0000] {operator_helpers.py:268} WARNING - Ignoring unknown data of <class 'tuple'> received from task
[2024-11-22T11:44:02.865+0000] {operator_helpers.py:268} WARNING - Ignoring unknown data of <class 'tuple'> received from task
[2024-11-22T11:44:02.865+0000] {operator_helpers.py:268} WARNING - Ignoring unknown data of <class 'tuple'> received from task
[2024-11-22T11:44:02.865+0000] {operator_helpers.py:268} WARNING - Ignoring unknown data of <class 'tuple'> received from task
[2024-11-22T11:44:02.865+0000] {operator_helpers.py:268} WARNING - Ignoring unknown data of <class 'tuple'> received from task
[2024-11-22T11:44:02.866+0000] {operator_helpers.py:268} WARNING - Ignoring unknown data of <class 'tuple'> received from task
[2024-11-22T11:44:02.866+0000] {operator_helpers.py:268} WARNING - Ignoring unknown data of <class 'tuple'> received from task
[2024-11-22T11:44:02.866+0000] {operator_helpers.py:268} WARNING - Ignoring unknown data of <class 'tuple'> received from task
[2024-11-22T11:44:02.867+0000] {operator_helpers.py:268} WARNING - Ignoring unknown data of <class 'tuple'> received from task
[2024-11-22T11:44:02.867+0000] {operator_helpers.py:268} WARNING - Ignoring unknown data of <class 'tuple'> received from task
[2024-11-22T11:44:02.867+0000] {operator_helpers.py:268} WARNING - Ignoring unknown data of <class 'tuple'> received from task
[2024-11-22T11:44:02.868+0000] {operator_helpers.py:268} WARNING - Ignoring unknown data of <class 'tuple'> received from task
[2024-11-22T11:44:02.868+0000] {operator_helpers.py:268} WARNING - Ignoring unknown data of <class 'tuple'> received from task
[2024-11-22T11:44:02.868+0000] {operator_helpers.py:268} WARNING - Ignoring unknown data of <class 'tuple'> received from task
[2024-11-22T11:44:02.868+0000] {operator_helpers.py:268} WARNING - Ignoring unknown data of <class 'tuple'> received from task
[2024-11-22T11:44:02.869+0000] {operator_helpers.py:268} WARNING - Ignoring unknown data of <class 'tuple'> received from task
[2024-11-22T11:44:02.869+0000] {operator_helpers.py:268} WARNING - Ignoring unknown data of <class 'tuple'> received from task
[2024-11-22T11:44:02.869+0000] {operator_helpers.py:268} WARNING - Ignoring unknown data of <class 'tuple'> received from task
[2024-11-22T11:44:02.870+0000] {operator_helpers.py:268} WARNING - Ignoring unknown data of <class 'tuple'> received from task
[2024-11-22T11:44:02.870+0000] {operator_helpers.py:268} WARNING - Ignoring unknown data of <class 'tuple'> received from task
[2024-11-22T11:44:02.870+0000] {operator_helpers.py:268} WARNING - Ignoring unknown data of <class 'tuple'> received from task
[2024-11-22T11:44:02.871+0000] {operator_helpers.py:268} WARNING - Ignoring unknown data of <class 'tuple'> received from task
[2024-11-22T11:44:02.871+0000] {operator_helpers.py:268} WARNING - Ignoring unknown data of <class 'tuple'> received from task
[2024-11-22T11:44:02.871+0000] {operator_helpers.py:268} WARNING - Ignoring unknown data of <class 'tuple'> received from task
[2024-11-22T11:44:02.872+0000] {operator_helpers.py:268} WARNING - Ignoring unknown data of <class 'tuple'> received from task
[2024-11-22T11:44:02.872+0000] {operator_helpers.py:268} WARNING - Ignoring unknown data of <class 'tuple'> received from task
[2024-11-22T11:44:02.872+0000] {operator_helpers.py:268} WARNING - Ignoring unknown data of <class 'tuple'> received from task
[2024-11-22T11:44:02.873+0000] {operator_helpers.py:268} WARNING - Ignoring unknown data of <class 'tuple'> received from task
[2024-11-22T11:44:02.873+0000] {operator_helpers.py:268} WARNING - Ignoring unknown data of <class 'tuple'> received from task
[2024-11-22T11:44:02.873+0000] {operator_helpers.py:268} WARNING - Ignoring unknown data of <class 'tuple'> received from task
[2024-11-22T11:44:02.873+0000] {operator_helpers.py:268} WARNING - Ignoring unknown data of <class 'tuple'> received from task
[2024-11-22T11:44:02.874+0000] {operator_helpers.py:268} WARNING - Ignoring unknown data of <class 'tuple'> received from task
[2024-11-22T11:44:02.874+0000] {operator_helpers.py:268} WARNING - Ignoring unknown data of <class 'tuple'> received from task
[2024-11-22T11:44:02.874+0000] {operator_helpers.py:268} WARNING - Ignoring unknown data of <class 'tuple'> received from task
[2024-11-22T11:44:02.875+0000] {operator_helpers.py:268} WARNING - Ignoring unknown data of <class 'tuple'> received from task
[2024-11-22T11:44:02.875+0000] {operator_helpers.py:268} WARNING - Ignoring unknown data of <class 'tuple'> received from task
[2024-11-22T11:44:02.875+0000] {operator_helpers.py:268} WARNING - Ignoring unknown data of <class 'tuple'> received from task
[2024-11-22T11:44:02.875+0000] {operator_helpers.py:268} WARNING - Ignoring unknown data of <class 'tuple'> received from task
[2024-11-22T11:44:02.876+0000] {operator_helpers.py:268} WARNING - Ignoring unknown data of <class 'tuple'> received from task
[2024-11-22T11:44:02.876+0000] {operator_helpers.py:268} WARNING - Ignoring unknown data of <class 'tuple'> received from task
[2024-11-22T11:44:02.876+0000] {operator_helpers.py:268} WARNING - Ignoring unknown data of <class 'tuple'> received from task
[2024-11-22T11:44:02.877+0000] {operator_helpers.py:268} WARNING - Ignoring unknown data of <class 'tuple'> received from task
[2024-11-22T11:44:02.877+0000] {operator_helpers.py:268} WARNING - Ignoring unknown data of <class 'tuple'> received from task
[2024-11-22T11:44:02.877+0000] {operator_helpers.py:268} WARNING - Ignoring unknown data of <class 'tuple'> received from task
[2024-11-22T11:44:02.877+0000] {operator_helpers.py:268} WARNING - Ignoring unknown data of <class 'tuple'> received from task
[2024-11-22T11:44:02.878+0000] {operator_helpers.py:268} WARNING - Ignoring unknown data of <class 'tuple'> received from task
[2024-11-22T11:44:02.878+0000] {operator_helpers.py:268} WARNING - Ignoring unknown data of <class 'tuple'> received from task
[2024-11-22T11:44:02.878+0000] {operator_helpers.py:268} WARNING - Ignoring unknown data of <class 'tuple'> received from task
[2024-11-22T11:44:02.879+0000] {operator_helpers.py:268} WARNING - Ignoring unknown data of <class 'tuple'> received from task
[2024-11-22T11:44:02.879+0000] {operator_helpers.py:268} WARNING - Ignoring unknown data of <class 'tuple'> received from task
[2024-11-22T11:44:02.879+0000] {operator_helpers.py:268} WARNING - Ignoring unknown data of <class 'tuple'> received from task
[2024-11-22T11:44:02.879+0000] {operator_helpers.py:268} WARNING - Ignoring unknown data of <class 'tuple'> received from task
[2024-11-22T11:44:02.880+0000] {operator_helpers.py:268} WARNING - Ignoring unknown data of <class 'tuple'> received from task
[2024-11-22T11:44:02.880+0000] {operator_helpers.py:268} WARNING - Ignoring unknown data of <class 'tuple'> received from task
[2024-11-22T11:44:02.880+0000] {operator_helpers.py:268} WARNING - Ignoring unknown data of <class 'tuple'> received from task
[2024-11-22T11:44:02.881+0000] {operator_helpers.py:268} WARNING - Ignoring unknown data of <class 'tuple'> received from task
[2024-11-22T11:44:02.881+0000] {operator_helpers.py:268} WARNING - Ignoring unknown data of <class 'tuple'> received from task
[2024-11-22T11:44:02.881+0000] {operator_helpers.py:268} WARNING - Ignoring unknown data of <class 'tuple'> received from task
[2024-11-22T11:44:02.881+0000] {operator_helpers.py:268} WARNING - Ignoring unknown data of <class 'tuple'> received from task
[2024-11-22T11:44:02.882+0000] {operator_helpers.py:268} WARNING - Ignoring unknown data of <class 'tuple'> received from task
[2024-11-22T11:44:02.882+0000] {operator_helpers.py:268} WARNING - Ignoring unknown data of <class 'tuple'> received from task
[2024-11-22T11:44:02.882+0000] {operator_helpers.py:268} WARNING - Ignoring unknown data of <class 'tuple'> received from task
[2024-11-22T11:44:02.882+0000] {operator_helpers.py:268} WARNING - Ignoring unknown data of <class 'tuple'> received from task
[2024-11-22T11:44:02.883+0000] {operator_helpers.py:268} WARNING - Ignoring unknown data of <class 'tuple'> received from task
[2024-11-22T11:44:02.883+0000] {operator_helpers.py:268} WARNING - Ignoring unknown data of <class 'tuple'> received from task
[2024-11-22T11:44:02.883+0000] {operator_helpers.py:268} WARNING - Ignoring unknown data of <class 'tuple'> received from task
[2024-11-22T11:44:02.884+0000] {operator_helpers.py:268} WARNING - Ignoring unknown data of <class 'tuple'> received from task
[2024-11-22T11:44:02.884+0000] {operator_helpers.py:268} WARNING - Ignoring unknown data of <class 'tuple'> received from task
[2024-11-22T11:44:02.884+0000] {operator_helpers.py:268} WARNING - Ignoring unknown data of <class 'tuple'> received from task
[2024-11-22T11:44:02.885+0000] {operator_helpers.py:268} WARNING - Ignoring unknown data of <class 'tuple'> received from task
[2024-11-22T11:44:02.885+0000] {operator_helpers.py:268} WARNING - Ignoring unknown data of <class 'tuple'> received from task
[2024-11-22T11:44:02.885+0000] {operator_helpers.py:268} WARNING - Ignoring unknown data of <class 'tuple'> received from task
[2024-11-22T11:44:02.886+0000] {operator_helpers.py:268} WARNING - Ignoring unknown data of <class 'tuple'> received from task
[2024-11-22T11:44:02.886+0000] {operator_helpers.py:268} WARNING - Ignoring unknown data of <class 'tuple'> received from task
[2024-11-22T11:44:02.886+0000] {operator_helpers.py:268} WARNING - Ignoring unknown data of <class 'tuple'> received from task
[2024-11-22T11:44:02.886+0000] {operator_helpers.py:268} WARNING - Ignoring unknown data of <class 'tuple'> received from task
[2024-11-22T11:44:02.887+0000] {operator_helpers.py:268} WARNING - Ignoring unknown data of <class 'tuple'> received from task
[2024-11-22T11:44:02.887+0000] {operator_helpers.py:268} WARNING - Ignoring unknown data of <class 'tuple'> received from task
[2024-11-22T11:44:02.887+0000] {operator_helpers.py:268} WARNING - Ignoring unknown data of <class 'tuple'> received from task
[2024-11-22T11:44:02.888+0000] {operator_helpers.py:268} WARNING - Ignoring unknown data of <class 'tuple'> received from task
[2024-11-22T11:44:02.888+0000] {operator_helpers.py:268} WARNING - Ignoring unknown data of <class 'tuple'> received from task
[2024-11-22T11:44:02.888+0000] {operator_helpers.py:268} WARNING - Ignoring unknown data of <class 'tuple'> received from task
[2024-11-22T11:44:02.889+0000] {operator_helpers.py:268} WARNING - Ignoring unknown data of <class 'tuple'> received from task
[2024-11-22T11:44:02.889+0000] {operator_helpers.py:268} WARNING - Ignoring unknown data of <class 'tuple'> received from task
[2024-11-22T11:44:02.889+0000] {operator_helpers.py:268} WARNING - Ignoring unknown data of <class 'tuple'> received from task
[2024-11-22T11:44:02.890+0000] {operator_helpers.py:268} WARNING - Ignoring unknown data of <class 'tuple'> received from task
[2024-11-22T11:44:02.890+0000] {operator_helpers.py:268} WARNING - Ignoring unknown data of <class 'tuple'> received from task
[2024-11-22T11:44:02.890+0000] {operator_helpers.py:268} WARNING - Ignoring unknown data of <class 'tuple'> received from task
[2024-11-22T11:44:02.891+0000] {operator_helpers.py:268} WARNING - Ignoring unknown data of <class 'tuple'> received from task
[2024-11-22T11:44:02.891+0000] {operator_helpers.py:268} WARNING - Ignoring unknown data of <class 'tuple'> received from task
[2024-11-22T11:44:02.891+0000] {operator_helpers.py:268} WARNING - Ignoring unknown data of <class 'tuple'> received from task
[2024-11-22T11:44:02.892+0000] {operator_helpers.py:268} WARNING - Ignoring unknown data of <class 'tuple'> received from task
[2024-11-22T11:44:02.892+0000] {operator_helpers.py:268} WARNING - Ignoring unknown data of <class 'tuple'> received from task
[2024-11-22T11:44:02.892+0000] {operator_helpers.py:268} WARNING - Ignoring unknown data of <class 'tuple'> received from task
[2024-11-22T11:44:02.892+0000] {operator_helpers.py:268} WARNING - Ignoring unknown data of <class 'tuple'> received from task
[2024-11-22T11:44:02.893+0000] {operator_helpers.py:268} WARNING - Ignoring unknown data of <class 'tuple'> received from task
[2024-11-22T11:44:02.893+0000] {operator_helpers.py:268} WARNING - Ignoring unknown data of <class 'tuple'> received from task
[2024-11-22T11:44:02.893+0000] {operator_helpers.py:268} WARNING - Ignoring unknown data of <class 'tuple'> received from task
[2024-11-22T11:44:02.894+0000] {operator_helpers.py:268} WARNING - Ignoring unknown data of <class 'tuple'> received from task
[2024-11-22T11:44:02.894+0000] {operator_helpers.py:268} WARNING - Ignoring unknown data of <class 'tuple'> received from task
[2024-11-22T11:44:02.894+0000] {operator_helpers.py:268} WARNING - Ignoring unknown data of <class 'tuple'> received from task
[2024-11-22T11:44:02.894+0000] {operator_helpers.py:268} WARNING - Ignoring unknown data of <class 'tuple'> received from task
[2024-11-22T11:44:02.895+0000] {operator_helpers.py:268} WARNING - Ignoring unknown data of <class 'tuple'> received from task
[2024-11-22T11:44:02.895+0000] {operator_helpers.py:268} WARNING - Ignoring unknown data of <class 'tuple'> received from task
[2024-11-22T11:44:02.895+0000] {operator_helpers.py:268} WARNING - Ignoring unknown data of <class 'tuple'> received from task
[2024-11-22T11:44:02.896+0000] {operator_helpers.py:268} WARNING - Ignoring unknown data of <class 'tuple'> received from task
[2024-11-22T11:44:02.896+0000] {operator_helpers.py:268} WARNING - Ignoring unknown data of <class 'tuple'> received from task
[2024-11-22T11:44:02.896+0000] {operator_helpers.py:268} WARNING - Ignoring unknown data of <class 'tuple'> received from task
[2024-11-22T11:44:02.896+0000] {operator_helpers.py:268} WARNING - Ignoring unknown data of <class 'tuple'> received from task
[2024-11-22T11:44:02.897+0000] {operator_helpers.py:268} WARNING - Ignoring unknown data of <class 'tuple'> received from task
[2024-11-22T11:44:02.897+0000] {operator_helpers.py:268} WARNING - Ignoring unknown data of <class 'tuple'> received from task
[2024-11-22T11:44:02.897+0000] {operator_helpers.py:268} WARNING - Ignoring unknown data of <class 'tuple'> received from task
[2024-11-22T11:44:02.898+0000] {operator_helpers.py:268} WARNING - Ignoring unknown data of <class 'tuple'> received from task
[2024-11-22T11:44:02.898+0000] {operator_helpers.py:268} WARNING - Ignoring unknown data of <class 'tuple'> received from task
[2024-11-22T11:44:02.898+0000] {operator_helpers.py:268} WARNING - Ignoring unknown data of <class 'tuple'> received from task
[2024-11-22T11:44:02.898+0000] {operator_helpers.py:268} WARNING - Ignoring unknown data of <class 'tuple'> received from task
[2024-11-22T11:44:02.899+0000] {operator_helpers.py:268} WARNING - Ignoring unknown data of <class 'tuple'> received from task
[2024-11-22T11:44:02.899+0000] {operator_helpers.py:268} WARNING - Ignoring unknown data of <class 'tuple'> received from task
[2024-11-22T11:44:02.899+0000] {operator_helpers.py:268} WARNING - Ignoring unknown data of <class 'tuple'> received from task
[2024-11-22T11:44:02.900+0000] {operator_helpers.py:268} WARNING - Ignoring unknown data of <class 'tuple'> received from task
[2024-11-22T11:44:02.900+0000] {operator_helpers.py:268} WARNING - Ignoring unknown data of <class 'tuple'> received from task
[2024-11-22T11:44:02.901+0000] {operator_helpers.py:268} WARNING - Ignoring unknown data of <class 'tuple'> received from task
[2024-11-22T11:44:02.901+0000] {operator_helpers.py:268} WARNING - Ignoring unknown data of <class 'tuple'> received from task
[2024-11-22T11:44:02.901+0000] {operator_helpers.py:268} WARNING - Ignoring unknown data of <class 'tuple'> received from task
[2024-11-22T11:44:02.901+0000] {operator_helpers.py:268} WARNING - Ignoring unknown data of <class 'tuple'> received from task
[2024-11-22T11:44:02.902+0000] {operator_helpers.py:268} WARNING - Ignoring unknown data of <class 'tuple'> received from task
[2024-11-22T11:44:02.902+0000] {operator_helpers.py:268} WARNING - Ignoring unknown data of <class 'tuple'> received from task
[2024-11-22T11:44:02.902+0000] {operator_helpers.py:268} WARNING - Ignoring unknown data of <class 'tuple'> received from task
[2024-11-22T11:44:02.902+0000] {operator_helpers.py:268} WARNING - Ignoring unknown data of <class 'tuple'> received from task
[2024-11-22T11:44:02.903+0000] {operator_helpers.py:268} WARNING - Ignoring unknown data of <class 'tuple'> received from task
[2024-11-22T11:44:02.903+0000] {operator_helpers.py:268} WARNING - Ignoring unknown data of <class 'tuple'> received from task
[2024-11-22T11:44:02.903+0000] {operator_helpers.py:268} WARNING - Ignoring unknown data of <class 'tuple'> received from task
[2024-11-22T11:44:02.904+0000] {operator_helpers.py:268} WARNING - Ignoring unknown data of <class 'tuple'> received from task
[2024-11-22T11:44:02.904+0000] {operator_helpers.py:268} WARNING - Ignoring unknown data of <class 'tuple'> received from task
[2024-11-22T11:44:02.904+0000] {operator_helpers.py:268} WARNING - Ignoring unknown data of <class 'tuple'> received from task
[2024-11-22T11:44:02.905+0000] {operator_helpers.py:268} WARNING - Ignoring unknown data of <class 'tuple'> received from task
[2024-11-22T11:44:02.905+0000] {operator_helpers.py:268} WARNING - Ignoring unknown data of <class 'tuple'> received from task
[2024-11-22T11:44:02.905+0000] {operator_helpers.py:268} WARNING - Ignoring unknown data of <class 'tuple'> received from task
[2024-11-22T11:44:02.906+0000] {operator_helpers.py:268} WARNING - Ignoring unknown data of <class 'tuple'> received from task
[2024-11-22T11:44:02.906+0000] {operator_helpers.py:268} WARNING - Ignoring unknown data of <class 'tuple'> received from task
[2024-11-22T11:44:02.906+0000] {operator_helpers.py:268} WARNING - Ignoring unknown data of <class 'tuple'> received from task
[2024-11-22T11:44:02.906+0000] {operator_helpers.py:268} WARNING - Ignoring unknown data of <class 'tuple'> received from task
[2024-11-22T11:44:02.907+0000] {operator_helpers.py:268} WARNING - Ignoring unknown data of <class 'tuple'> received from task
[2024-11-22T11:44:02.907+0000] {operator_helpers.py:268} WARNING - Ignoring unknown data of <class 'tuple'> received from task
[2024-11-22T11:44:02.907+0000] {operator_helpers.py:268} WARNING - Ignoring unknown data of <class 'tuple'> received from task
[2024-11-22T11:44:02.908+0000] {operator_helpers.py:268} WARNING - Ignoring unknown data of <class 'tuple'> received from task
[2024-11-22T11:44:02.908+0000] {operator_helpers.py:268} WARNING - Ignoring unknown data of <class 'tuple'> received from task
[2024-11-22T11:44:02.908+0000] {operator_helpers.py:268} WARNING - Ignoring unknown data of <class 'tuple'> received from task
[2024-11-22T11:44:02.909+0000] {operator_helpers.py:268} WARNING - Ignoring unknown data of <class 'tuple'> received from task
[2024-11-22T11:44:02.910+0000] {operator_helpers.py:268} WARNING - Ignoring unknown data of <class 'tuple'> received from task
[2024-11-22T11:44:02.910+0000] {operator_helpers.py:268} WARNING - Ignoring unknown data of <class 'tuple'> received from task
[2024-11-22T11:44:02.910+0000] {operator_helpers.py:268} WARNING - Ignoring unknown data of <class 'tuple'> received from task
[2024-11-22T11:44:02.911+0000] {operator_helpers.py:268} WARNING - Ignoring unknown data of <class 'tuple'> received from task
[2024-11-22T11:44:02.911+0000] {operator_helpers.py:268} WARNING - Ignoring unknown data of <class 'tuple'> received from task
[2024-11-22T11:44:02.912+0000] {operator_helpers.py:268} WARNING - Ignoring unknown data of <class 'tuple'> received from task
[2024-11-22T11:44:02.912+0000] {operator_helpers.py:268} WARNING - Ignoring unknown data of <class 'tuple'> received from task
[2024-11-22T11:44:02.912+0000] {operator_helpers.py:268} WARNING - Ignoring unknown data of <class 'tuple'> received from task
[2024-11-22T11:44:02.913+0000] {operator_helpers.py:268} WARNING - Ignoring unknown data of <class 'tuple'> received from task
[2024-11-22T11:44:02.913+0000] {operator_helpers.py:268} WARNING - Ignoring unknown data of <class 'tuple'> received from task
[2024-11-22T11:44:02.913+0000] {operator_helpers.py:268} WARNING - Ignoring unknown data of <class 'tuple'> received from task
[2024-11-22T11:44:02.914+0000] {operator_helpers.py:268} WARNING - Ignoring unknown data of <class 'tuple'> received from task
[2024-11-22T11:44:02.914+0000] {operator_helpers.py:268} WARNING - Ignoring unknown data of <class 'tuple'> received from task
[2024-11-22T11:44:02.914+0000] {operator_helpers.py:268} WARNING - Ignoring unknown data of <class 'tuple'> received from task
[2024-11-22T11:44:02.915+0000] {operator_helpers.py:268} WARNING - Ignoring unknown data of <class 'tuple'> received from task
[2024-11-22T11:44:02.915+0000] {operator_helpers.py:268} WARNING - Ignoring unknown data of <class 'tuple'> received from task
[2024-11-22T11:44:02.915+0000] {operator_helpers.py:268} WARNING - Ignoring unknown data of <class 'tuple'> received from task
[2024-11-22T11:44:02.915+0000] {operator_helpers.py:268} WARNING - Ignoring unknown data of <class 'tuple'> received from task
[2024-11-22T11:44:02.916+0000] {operator_helpers.py:268} WARNING - Ignoring unknown data of <class 'tuple'> received from task
[2024-11-22T11:44:02.916+0000] {operator_helpers.py:268} WARNING - Ignoring unknown data of <class 'tuple'> received from task
[2024-11-22T11:44:02.916+0000] {operator_helpers.py:268} WARNING - Ignoring unknown data of <class 'tuple'> received from task
[2024-11-22T11:44:02.917+0000] {operator_helpers.py:268} WARNING - Ignoring unknown data of <class 'tuple'> received from task
[2024-11-22T11:44:02.917+0000] {operator_helpers.py:268} WARNING - Ignoring unknown data of <class 'tuple'> received from task
[2024-11-22T11:44:02.917+0000] {operator_helpers.py:268} WARNING - Ignoring unknown data of <class 'tuple'> received from task
[2024-11-22T11:44:02.918+0000] {operator_helpers.py:268} WARNING - Ignoring unknown data of <class 'tuple'> received from task
[2024-11-22T11:44:02.918+0000] {operator_helpers.py:268} WARNING - Ignoring unknown data of <class 'tuple'> received from task
[2024-11-22T11:44:02.918+0000] {operator_helpers.py:268} WARNING - Ignoring unknown data of <class 'tuple'> received from task
[2024-11-22T11:44:02.919+0000] {operator_helpers.py:268} WARNING - Ignoring unknown data of <class 'tuple'> received from task
[2024-11-22T11:44:02.919+0000] {operator_helpers.py:268} WARNING - Ignoring unknown data of <class 'tuple'> received from task
[2024-11-22T11:44:02.919+0000] {operator_helpers.py:268} WARNING - Ignoring unknown data of <class 'tuple'> received from task
[2024-11-22T11:44:02.920+0000] {operator_helpers.py:268} WARNING - Ignoring unknown data of <class 'tuple'> received from task
[2024-11-22T11:44:02.920+0000] {operator_helpers.py:268} WARNING - Ignoring unknown data of <class 'tuple'> received from task
[2024-11-22T11:44:02.920+0000] {operator_helpers.py:268} WARNING - Ignoring unknown data of <class 'tuple'> received from task
[2024-11-22T11:44:02.921+0000] {operator_helpers.py:268} WARNING - Ignoring unknown data of <class 'tuple'> received from task
[2024-11-22T11:44:02.921+0000] {operator_helpers.py:268} WARNING - Ignoring unknown data of <class 'tuple'> received from task
[2024-11-22T11:44:02.922+0000] {operator_helpers.py:268} WARNING - Ignoring unknown data of <class 'tuple'> received from task
[2024-11-22T11:44:02.922+0000] {operator_helpers.py:268} WARNING - Ignoring unknown data of <class 'tuple'> received from task
[2024-11-22T11:44:02.922+0000] {operator_helpers.py:268} WARNING - Ignoring unknown data of <class 'tuple'> received from task
[2024-11-22T11:44:02.923+0000] {operator_helpers.py:268} WARNING - Ignoring unknown data of <class 'tuple'> received from task
[2024-11-22T11:44:02.923+0000] {operator_helpers.py:268} WARNING - Ignoring unknown data of <class 'tuple'> received from task
[2024-11-22T11:44:02.923+0000] {operator_helpers.py:268} WARNING - Ignoring unknown data of <class 'tuple'> received from task
[2024-11-22T11:44:02.923+0000] {operator_helpers.py:268} WARNING - Ignoring unknown data of <class 'tuple'> received from task
[2024-11-22T11:44:02.924+0000] {operator_helpers.py:268} WARNING - Ignoring unknown data of <class 'tuple'> received from task
[2024-11-22T11:44:02.925+0000] {operator_helpers.py:268} WARNING - Ignoring unknown data of <class 'tuple'> received from task
[2024-11-22T11:44:02.925+0000] {operator_helpers.py:268} WARNING - Ignoring unknown data of <class 'tuple'> received from task
[2024-11-22T11:44:02.925+0000] {operator_helpers.py:268} WARNING - Ignoring unknown data of <class 'tuple'> received from task
[2024-11-22T11:44:02.925+0000] {operator_helpers.py:268} WARNING - Ignoring unknown data of <class 'tuple'> received from task
[2024-11-22T11:44:02.926+0000] {operator_helpers.py:268} WARNING - Ignoring unknown data of <class 'tuple'> received from task
[2024-11-22T11:44:02.926+0000] {operator_helpers.py:268} WARNING - Ignoring unknown data of <class 'tuple'> received from task
[2024-11-22T11:44:02.927+0000] {operator_helpers.py:268} WARNING - Ignoring unknown data of <class 'tuple'> received from task
[2024-11-22T11:44:02.927+0000] {operator_helpers.py:268} WARNING - Ignoring unknown data of <class 'tuple'> received from task
[2024-11-22T11:44:02.927+0000] {operator_helpers.py:268} WARNING - Ignoring unknown data of <class 'tuple'> received from task
[2024-11-22T11:44:02.928+0000] {operator_helpers.py:268} WARNING - Ignoring unknown data of <class 'tuple'> received from task
[2024-11-22T11:44:02.928+0000] {operator_helpers.py:268} WARNING - Ignoring unknown data of <class 'tuple'> received from task
[2024-11-22T11:44:02.928+0000] {operator_helpers.py:268} WARNING - Ignoring unknown data of <class 'tuple'> received from task
[2024-11-22T11:44:02.928+0000] {operator_helpers.py:268} WARNING - Ignoring unknown data of <class 'tuple'> received from task
[2024-11-22T11:44:02.929+0000] {operator_helpers.py:268} WARNING - Ignoring unknown data of <class 'tuple'> received from task
[2024-11-22T11:44:02.929+0000] {operator_helpers.py:268} WARNING - Ignoring unknown data of <class 'tuple'> received from task
[2024-11-22T11:44:02.929+0000] {operator_helpers.py:268} WARNING - Ignoring unknown data of <class 'tuple'> received from task
[2024-11-22T11:44:02.930+0000] {operator_helpers.py:268} WARNING - Ignoring unknown data of <class 'tuple'> received from task
[2024-11-22T11:44:02.930+0000] {operator_helpers.py:268} WARNING - Ignoring unknown data of <class 'tuple'> received from task
[2024-11-22T11:44:02.931+0000] {operator_helpers.py:268} WARNING - Ignoring unknown data of <class 'tuple'> received from task
[2024-11-22T11:44:02.931+0000] {operator_helpers.py:268} WARNING - Ignoring unknown data of <class 'tuple'> received from task
[2024-11-22T11:44:02.931+0000] {operator_helpers.py:268} WARNING - Ignoring unknown data of <class 'tuple'> received from task
[2024-11-22T11:44:02.932+0000] {operator_helpers.py:268} WARNING - Ignoring unknown data of <class 'tuple'> received from task
[2024-11-22T11:44:02.932+0000] {operator_helpers.py:268} WARNING - Ignoring unknown data of <class 'tuple'> received from task
[2024-11-22T11:44:02.932+0000] {operator_helpers.py:268} WARNING - Ignoring unknown data of <class 'tuple'> received from task
[2024-11-22T11:44:02.933+0000] {operator_helpers.py:268} WARNING - Ignoring unknown data of <class 'tuple'> received from task
[2024-11-22T11:44:02.933+0000] {operator_helpers.py:268} WARNING - Ignoring unknown data of <class 'tuple'> received from task
[2024-11-22T11:44:02.933+0000] {operator_helpers.py:268} WARNING - Ignoring unknown data of <class 'tuple'> received from task
[2024-11-22T11:44:02.933+0000] {operator_helpers.py:268} WARNING - Ignoring unknown data of <class 'tuple'> received from task
[2024-11-22T11:44:02.934+0000] {operator_helpers.py:268} WARNING - Ignoring unknown data of <class 'tuple'> received from task
[2024-11-22T11:44:02.934+0000] {operator_helpers.py:268} WARNING - Ignoring unknown data of <class 'tuple'> received from task
[2024-11-22T11:44:02.934+0000] {operator_helpers.py:268} WARNING - Ignoring unknown data of <class 'tuple'> received from task
[2024-11-22T11:44:02.935+0000] {operator_helpers.py:268} WARNING - Ignoring unknown data of <class 'tuple'> received from task
[2024-11-22T11:44:02.935+0000] {operator_helpers.py:268} WARNING - Ignoring unknown data of <class 'tuple'> received from task
[2024-11-22T11:44:02.935+0000] {operator_helpers.py:268} WARNING - Ignoring unknown data of <class 'tuple'> received from task
[2024-11-22T11:44:02.935+0000] {operator_helpers.py:268} WARNING - Ignoring unknown data of <class 'tuple'> received from task
[2024-11-22T11:44:02.936+0000] {operator_helpers.py:268} WARNING - Ignoring unknown data of <class 'tuple'> received from task
[2024-11-22T11:44:02.936+0000] {operator_helpers.py:268} WARNING - Ignoring unknown data of <class 'tuple'> received from task
[2024-11-22T11:44:02.936+0000] {operator_helpers.py:268} WARNING - Ignoring unknown data of <class 'tuple'> received from task
[2024-11-22T11:44:02.937+0000] {operator_helpers.py:268} WARNING - Ignoring unknown data of <class 'tuple'> received from task
[2024-11-22T11:44:02.937+0000] {operator_helpers.py:268} WARNING - Ignoring unknown data of <class 'tuple'> received from task
[2024-11-22T11:44:02.937+0000] {operator_helpers.py:268} WARNING - Ignoring unknown data of <class 'tuple'> received from task
[2024-11-22T11:44:02.938+0000] {operator_helpers.py:268} WARNING - Ignoring unknown data of <class 'tuple'> received from task
[2024-11-22T11:44:02.938+0000] {operator_helpers.py:268} WARNING - Ignoring unknown data of <class 'tuple'> received from task
[2024-11-22T11:44:02.939+0000] {operator_helpers.py:268} WARNING - Ignoring unknown data of <class 'tuple'> received from task
[2024-11-22T11:44:02.939+0000] {operator_helpers.py:268} WARNING - Ignoring unknown data of <class 'tuple'> received from task
[2024-11-22T11:44:02.939+0000] {operator_helpers.py:268} WARNING - Ignoring unknown data of <class 'tuple'> received from task
[2024-11-22T11:44:02.939+0000] {operator_helpers.py:268} WARNING - Ignoring unknown data of <class 'tuple'> received from task
[2024-11-22T11:44:02.940+0000] {operator_helpers.py:268} WARNING - Ignoring unknown data of <class 'tuple'> received from task
[2024-11-22T11:44:02.940+0000] {operator_helpers.py:268} WARNING - Ignoring unknown data of <class 'tuple'> received from task
[2024-11-22T11:44:02.941+0000] {operator_helpers.py:268} WARNING - Ignoring unknown data of <class 'tuple'> received from task
[2024-11-22T11:44:02.941+0000] {operator_helpers.py:268} WARNING - Ignoring unknown data of <class 'tuple'> received from task
[2024-11-22T11:44:02.941+0000] {operator_helpers.py:268} WARNING - Ignoring unknown data of <class 'tuple'> received from task
[2024-11-22T11:44:02.942+0000] {operator_helpers.py:268} WARNING - Ignoring unknown data of <class 'tuple'> received from task
[2024-11-22T11:44:02.943+0000] {operator_helpers.py:268} WARNING - Ignoring unknown data of <class 'tuple'> received from task
[2024-11-22T11:44:02.943+0000] {operator_helpers.py:268} WARNING - Ignoring unknown data of <class 'tuple'> received from task
[2024-11-22T11:44:02.944+0000] {operator_helpers.py:268} WARNING - Ignoring unknown data of <class 'tuple'> received from task
[2024-11-22T11:44:02.944+0000] {operator_helpers.py:268} WARNING - Ignoring unknown data of <class 'tuple'> received from task
[2024-11-22T11:44:02.944+0000] {operator_helpers.py:268} WARNING - Ignoring unknown data of <class 'tuple'> received from task
[2024-11-22T11:44:02.945+0000] {operator_helpers.py:268} WARNING - Ignoring unknown data of <class 'tuple'> received from task
[2024-11-22T11:44:02.945+0000] {operator_helpers.py:268} WARNING - Ignoring unknown data of <class 'tuple'> received from task
[2024-11-22T11:44:02.945+0000] {operator_helpers.py:268} WARNING - Ignoring unknown data of <class 'tuple'> received from task
[2024-11-22T11:44:02.946+0000] {operator_helpers.py:268} WARNING - Ignoring unknown data of <class 'tuple'> received from task
[2024-11-22T11:44:02.946+0000] {operator_helpers.py:268} WARNING - Ignoring unknown data of <class 'tuple'> received from task
[2024-11-22T11:44:02.946+0000] {operator_helpers.py:268} WARNING - Ignoring unknown data of <class 'tuple'> received from task
[2024-11-22T11:44:02.947+0000] {operator_helpers.py:268} WARNING - Ignoring unknown data of <class 'tuple'> received from task
[2024-11-22T11:44:02.947+0000] {operator_helpers.py:268} WARNING - Ignoring unknown data of <class 'tuple'> received from task
[2024-11-22T11:44:02.947+0000] {operator_helpers.py:268} WARNING - Ignoring unknown data of <class 'tuple'> received from task
[2024-11-22T11:44:02.948+0000] {operator_helpers.py:268} WARNING - Ignoring unknown data of <class 'tuple'> received from task
[2024-11-22T11:44:02.948+0000] {operator_helpers.py:268} WARNING - Ignoring unknown data of <class 'tuple'> received from task
[2024-11-22T11:44:02.948+0000] {operator_helpers.py:268} WARNING - Ignoring unknown data of <class 'tuple'> received from task
[2024-11-22T11:44:02.949+0000] {operator_helpers.py:268} WARNING - Ignoring unknown data of <class 'tuple'> received from task
[2024-11-22T11:44:02.949+0000] {operator_helpers.py:268} WARNING - Ignoring unknown data of <class 'tuple'> received from task
[2024-11-22T11:44:02.949+0000] {operator_helpers.py:268} WARNING - Ignoring unknown data of <class 'tuple'> received from task
[2024-11-22T11:44:02.949+0000] {operator_helpers.py:268} WARNING - Ignoring unknown data of <class 'tuple'> received from task
[2024-11-22T11:44:02.950+0000] {operator_helpers.py:268} WARNING - Ignoring unknown data of <class 'tuple'> received from task
[2024-11-22T11:44:02.950+0000] {operator_helpers.py:268} WARNING - Ignoring unknown data of <class 'tuple'> received from task
[2024-11-22T11:44:02.950+0000] {operator_helpers.py:268} WARNING - Ignoring unknown data of <class 'tuple'> received from task
[2024-11-22T11:44:02.951+0000] {operator_helpers.py:268} WARNING - Ignoring unknown data of <class 'tuple'> received from task
[2024-11-22T11:44:02.951+0000] {operator_helpers.py:268} WARNING - Ignoring unknown data of <class 'tuple'> received from task
[2024-11-22T11:44:02.951+0000] {operator_helpers.py:268} WARNING - Ignoring unknown data of <class 'tuple'> received from task
[2024-11-22T11:44:02.952+0000] {operator_helpers.py:268} WARNING - Ignoring unknown data of <class 'tuple'> received from task
[2024-11-22T11:44:02.952+0000] {operator_helpers.py:268} WARNING - Ignoring unknown data of <class 'tuple'> received from task
[2024-11-22T11:44:02.952+0000] {operator_helpers.py:268} WARNING - Ignoring unknown data of <class 'tuple'> received from task
[2024-11-22T11:44:02.952+0000] {operator_helpers.py:268} WARNING - Ignoring unknown data of <class 'tuple'> received from task
[2024-11-22T11:44:02.953+0000] {operator_helpers.py:268} WARNING - Ignoring unknown data of <class 'tuple'> received from task
[2024-11-22T11:44:02.953+0000] {operator_helpers.py:268} WARNING - Ignoring unknown data of <class 'tuple'> received from task
[2024-11-22T11:44:02.954+0000] {operator_helpers.py:268} WARNING - Ignoring unknown data of <class 'tuple'> received from task
[2024-11-22T11:44:02.954+0000] {operator_helpers.py:268} WARNING - Ignoring unknown data of <class 'tuple'> received from task
[2024-11-22T11:44:02.954+0000] {operator_helpers.py:268} WARNING - Ignoring unknown data of <class 'tuple'> received from task
[2024-11-22T11:44:02.955+0000] {operator_helpers.py:268} WARNING - Ignoring unknown data of <class 'tuple'> received from task
[2024-11-22T11:44:02.955+0000] {operator_helpers.py:268} WARNING - Ignoring unknown data of <class 'tuple'> received from task
[2024-11-22T11:44:02.955+0000] {operator_helpers.py:268} WARNING - Ignoring unknown data of <class 'tuple'> received from task
[2024-11-22T11:44:02.956+0000] {operator_helpers.py:268} WARNING - Ignoring unknown data of <class 'tuple'> received from task
[2024-11-22T11:44:02.956+0000] {operator_helpers.py:268} WARNING - Ignoring unknown data of <class 'tuple'> received from task
[2024-11-22T11:44:02.956+0000] {operator_helpers.py:268} WARNING - Ignoring unknown data of <class 'tuple'> received from task
[2024-11-22T11:44:02.957+0000] {operator_helpers.py:268} WARNING - Ignoring unknown data of <class 'tuple'> received from task
[2024-11-22T11:44:02.957+0000] {operator_helpers.py:268} WARNING - Ignoring unknown data of <class 'tuple'> received from task
[2024-11-22T11:44:02.957+0000] {operator_helpers.py:268} WARNING - Ignoring unknown data of <class 'tuple'> received from task
[2024-11-22T11:44:02.958+0000] {operator_helpers.py:268} WARNING - Ignoring unknown data of <class 'tuple'> received from task
[2024-11-22T11:44:02.958+0000] {operator_helpers.py:268} WARNING - Ignoring unknown data of <class 'tuple'> received from task
[2024-11-22T11:44:02.958+0000] {operator_helpers.py:268} WARNING - Ignoring unknown data of <class 'tuple'> received from task
[2024-11-22T11:44:02.959+0000] {operator_helpers.py:268} WARNING - Ignoring unknown data of <class 'tuple'> received from task
[2024-11-22T11:44:02.959+0000] {operator_helpers.py:268} WARNING - Ignoring unknown data of <class 'tuple'> received from task
[2024-11-22T11:44:02.959+0000] {operator_helpers.py:268} WARNING - Ignoring unknown data of <class 'tuple'> received from task
[2024-11-22T11:44:02.959+0000] {operator_helpers.py:268} WARNING - Ignoring unknown data of <class 'tuple'> received from task
[2024-11-22T11:44:02.960+0000] {operator_helpers.py:268} WARNING - Ignoring unknown data of <class 'tuple'> received from task
[2024-11-22T11:44:02.960+0000] {operator_helpers.py:268} WARNING - Ignoring unknown data of <class 'tuple'> received from task
[2024-11-22T11:44:02.961+0000] {operator_helpers.py:268} WARNING - Ignoring unknown data of <class 'tuple'> received from task
[2024-11-22T11:44:02.961+0000] {operator_helpers.py:268} WARNING - Ignoring unknown data of <class 'tuple'> received from task
[2024-11-22T11:44:02.961+0000] {operator_helpers.py:268} WARNING - Ignoring unknown data of <class 'tuple'> received from task
[2024-11-22T11:44:02.962+0000] {operator_helpers.py:268} WARNING - Ignoring unknown data of <class 'tuple'> received from task
[2024-11-22T11:44:02.962+0000] {operator_helpers.py:268} WARNING - Ignoring unknown data of <class 'tuple'> received from task
[2024-11-22T11:44:02.962+0000] {operator_helpers.py:268} WARNING - Ignoring unknown data of <class 'tuple'> received from task
[2024-11-22T11:44:02.963+0000] {operator_helpers.py:268} WARNING - Ignoring unknown data of <class 'tuple'> received from task
[2024-11-22T11:44:02.963+0000] {operator_helpers.py:268} WARNING - Ignoring unknown data of <class 'tuple'> received from task
[2024-11-22T11:44:02.963+0000] {operator_helpers.py:268} WARNING - Ignoring unknown data of <class 'tuple'> received from task
[2024-11-22T11:44:02.964+0000] {operator_helpers.py:268} WARNING - Ignoring unknown data of <class 'tuple'> received from task
[2024-11-22T11:44:02.964+0000] {operator_helpers.py:268} WARNING - Ignoring unknown data of <class 'tuple'> received from task
[2024-11-22T11:44:02.964+0000] {operator_helpers.py:268} WARNING - Ignoring unknown data of <class 'tuple'> received from task
[2024-11-22T11:44:02.965+0000] {operator_helpers.py:268} WARNING - Ignoring unknown data of <class 'tuple'> received from task
[2024-11-22T11:44:02.965+0000] {operator_helpers.py:268} WARNING - Ignoring unknown data of <class 'tuple'> received from task
[2024-11-22T11:44:02.965+0000] {operator_helpers.py:268} WARNING - Ignoring unknown data of <class 'tuple'> received from task
[2024-11-22T11:44:02.965+0000] {operator_helpers.py:268} WARNING - Ignoring unknown data of <class 'tuple'> received from task
[2024-11-22T11:44:02.966+0000] {operator_helpers.py:268} WARNING - Ignoring unknown data of <class 'tuple'> received from task
[2024-11-22T11:44:02.966+0000] {operator_helpers.py:268} WARNING - Ignoring unknown data of <class 'tuple'> received from task
[2024-11-22T11:44:02.966+0000] {operator_helpers.py:268} WARNING - Ignoring unknown data of <class 'tuple'> received from task
[2024-11-22T11:44:02.967+0000] {operator_helpers.py:268} WARNING - Ignoring unknown data of <class 'tuple'> received from task
[2024-11-22T11:44:02.967+0000] {operator_helpers.py:268} WARNING - Ignoring unknown data of <class 'tuple'> received from task
[2024-11-22T11:44:02.967+0000] {operator_helpers.py:268} WARNING - Ignoring unknown data of <class 'tuple'> received from task
[2024-11-22T11:44:02.968+0000] {operator_helpers.py:268} WARNING - Ignoring unknown data of <class 'tuple'> received from task
[2024-11-22T11:44:02.968+0000] {operator_helpers.py:268} WARNING - Ignoring unknown data of <class 'tuple'> received from task
[2024-11-22T11:44:02.968+0000] {operator_helpers.py:268} WARNING - Ignoring unknown data of <class 'tuple'> received from task
[2024-11-22T11:44:02.969+0000] {operator_helpers.py:268} WARNING - Ignoring unknown data of <class 'tuple'> received from task
[2024-11-22T11:44:02.969+0000] {operator_helpers.py:268} WARNING - Ignoring unknown data of <class 'tuple'> received from task
[2024-11-22T11:44:02.969+0000] {operator_helpers.py:268} WARNING - Ignoring unknown data of <class 'tuple'> received from task
[2024-11-22T11:44:02.970+0000] {operator_helpers.py:268} WARNING - Ignoring unknown data of <class 'tuple'> received from task
[2024-11-22T11:44:02.970+0000] {operator_helpers.py:268} WARNING - Ignoring unknown data of <class 'tuple'> received from task
[2024-11-22T11:44:02.970+0000] {operator_helpers.py:268} WARNING - Ignoring unknown data of <class 'tuple'> received from task
[2024-11-22T11:44:02.971+0000] {operator_helpers.py:268} WARNING - Ignoring unknown data of <class 'tuple'> received from task
[2024-11-22T11:44:02.971+0000] {operator_helpers.py:268} WARNING - Ignoring unknown data of <class 'tuple'> received from task
[2024-11-22T11:44:02.972+0000] {operator_helpers.py:268} WARNING - Ignoring unknown data of <class 'tuple'> received from task
[2024-11-22T11:44:02.972+0000] {operator_helpers.py:268} WARNING - Ignoring unknown data of <class 'tuple'> received from task
[2024-11-22T11:44:02.972+0000] {operator_helpers.py:268} WARNING - Ignoring unknown data of <class 'tuple'> received from task
[2024-11-22T11:44:02.973+0000] {operator_helpers.py:268} WARNING - Ignoring unknown data of <class 'tuple'> received from task
[2024-11-22T11:44:02.973+0000] {operator_helpers.py:268} WARNING - Ignoring unknown data of <class 'tuple'> received from task
[2024-11-22T11:44:02.973+0000] {operator_helpers.py:268} WARNING - Ignoring unknown data of <class 'tuple'> received from task
[2024-11-22T11:44:02.974+0000] {operator_helpers.py:268} WARNING - Ignoring unknown data of <class 'tuple'> received from task
[2024-11-22T11:44:02.974+0000] {operator_helpers.py:268} WARNING - Ignoring unknown data of <class 'tuple'> received from task
[2024-11-22T11:44:02.974+0000] {operator_helpers.py:268} WARNING - Ignoring unknown data of <class 'tuple'> received from task
[2024-11-22T11:44:02.975+0000] {operator_helpers.py:268} WARNING - Ignoring unknown data of <class 'tuple'> received from task
[2024-11-22T11:44:02.975+0000] {operator_helpers.py:268} WARNING - Ignoring unknown data of <class 'tuple'> received from task
[2024-11-22T11:44:02.975+0000] {operator_helpers.py:268} WARNING - Ignoring unknown data of <class 'tuple'> received from task
[2024-11-22T11:44:02.976+0000] {operator_helpers.py:268} WARNING - Ignoring unknown data of <class 'tuple'> received from task
[2024-11-22T11:44:02.976+0000] {operator_helpers.py:268} WARNING - Ignoring unknown data of <class 'tuple'> received from task
[2024-11-22T11:44:02.976+0000] {operator_helpers.py:268} WARNING - Ignoring unknown data of <class 'tuple'> received from task
[2024-11-22T11:44:02.977+0000] {operator_helpers.py:268} WARNING - Ignoring unknown data of <class 'tuple'> received from task
[2024-11-22T11:44:02.977+0000] {python.py:240} INFO - Done. Returned value was: None
[2024-11-22T11:44:02.987+0000] {taskinstance.py:340} INFO - ::group::Post task execution logs
[2024-11-22T11:44:02.987+0000] {taskinstance.py:352} INFO - Marking task as SUCCESS. dag_id=insert_stocknames_table, task_id=import_stocknames, run_id=manual__2024-11-22T11:43:59.121108+00:00, execution_date=20241122T114359, start_date=20241122T114401, end_date=20241122T114402
[2024-11-22T11:44:02.997+0000] {logging_mixin.py:190} INFO - Task instance in success state
[2024-11-22T11:44:02.998+0000] {logging_mixin.py:190} INFO -  Previous state of the Task instance: running
[2024-11-22T11:44:02.998+0000] {logging_mixin.py:190} INFO - Dag name:insert_stocknames_table queued_at:2024-11-22 11:43:59.144405+00:00
[2024-11-22T11:44:02.998+0000] {logging_mixin.py:190} INFO - Task hostname:b1cd3ec251f1 operator:PythonOperator
[2024-11-22T11:44:03.014+0000] {local_task_job_runner.py:266} INFO - Task exited with return code 0
[2024-11-22T11:44:03.035+0000] {taskinstance.py:3895} INFO - 1 downstream tasks scheduled from follow-on schedule check
[2024-11-22T11:44:03.037+0000] {local_task_job_runner.py:245} INFO - ::endgroup::
