[2024-11-22T11:59:53.478+0000] {local_task_job_runner.py:123} INFO - ::group::Pre task execution logs
[2024-11-22T11:59:53.493+0000] {taskinstance.py:2613} INFO - Dependencies all met for dep_context=non-requeueable deps ti=<TaskInstance: insert_stocknames_table.insert_to_db manual__2024-11-22T11:59:48.249701+00:00 [queued]>
[2024-11-22T11:59:53.501+0000] {taskinstance.py:2613} INFO - Dependencies all met for dep_context=requeueable deps ti=<TaskInstance: insert_stocknames_table.insert_to_db manual__2024-11-22T11:59:48.249701+00:00 [queued]>
[2024-11-22T11:59:53.501+0000] {taskinstance.py:2866} INFO - Starting attempt 1 of 1
[2024-11-22T11:59:53.680+0000] {taskinstance.py:2889} INFO - Executing <Task(PythonOperator): insert_to_db> on 2024-11-22 11:59:48.249701+00:00
[2024-11-22T11:59:53.690+0000] {warnings.py:112} WARNING - /home/***/.local/lib/python3.12/site-packages/***/task/task_runner/standard_task_runner.py:70: DeprecationWarning: This process (pid=369) is multi-threaded, use of fork() may lead to deadlocks in the child.
  pid = os.fork()

[2024-11-22T11:59:53.692+0000] {standard_task_runner.py:72} INFO - Started process 371 to run task
[2024-11-22T11:59:53.692+0000] {standard_task_runner.py:104} INFO - Running: ['***', 'tasks', 'run', 'insert_stocknames_table', 'insert_to_db', 'manual__2024-11-22T11:59:48.249701+00:00', '--job-id', '37', '--raw', '--subdir', 'DAGS_FOLDER/insert_stocknames.py', '--cfg-path', '/tmp/tmp2zfk426j']
[2024-11-22T11:59:53.693+0000] {standard_task_runner.py:105} INFO - Job 37: Subtask insert_to_db
[2024-11-22T11:59:53.731+0000] {task_command.py:467} INFO - Running <TaskInstance: insert_stocknames_table.insert_to_db manual__2024-11-22T11:59:48.249701+00:00 [running]> on host cbc89c9f2db6
[2024-11-22T11:59:53.799+0000] {taskinstance.py:3132} INFO - Exporting env vars: AIRFLOW_CTX_DAG_OWNER='***' AIRFLOW_CTX_DAG_ID='insert_stocknames_table' AIRFLOW_CTX_TASK_ID='insert_to_db' AIRFLOW_CTX_EXECUTION_DATE='2024-11-22T11:59:48.249701+00:00' AIRFLOW_CTX_TRY_NUMBER='1' AIRFLOW_CTX_DAG_RUN_ID='manual__2024-11-22T11:59:48.249701+00:00'
[2024-11-22T11:59:53.800+0000] {logging_mixin.py:190} INFO - Task instance is in running state
[2024-11-22T11:59:53.801+0000] {logging_mixin.py:190} INFO -  Previous state of the Task instance: queued
[2024-11-22T11:59:53.801+0000] {logging_mixin.py:190} INFO - Current task name:insert_to_db state:running start_date:2024-11-22 11:59:53.494603+00:00
[2024-11-22T11:59:53.802+0000] {logging_mixin.py:190} INFO - Dag name:insert_stocknames_table and current dag run status:running
[2024-11-22T11:59:53.802+0000] {taskinstance.py:731} INFO - ::endgroup::
[2024-11-22T11:59:54.128+0000] {python.py:240} INFO - Done. Returned value was: None
[2024-11-22T11:59:54.137+0000] {taskinstance.py:340} INFO - ::group::Post task execution logs
[2024-11-22T11:59:54.137+0000] {taskinstance.py:352} INFO - Marking task as SUCCESS. dag_id=insert_stocknames_table, task_id=insert_to_db, run_id=manual__2024-11-22T11:59:48.249701+00:00, execution_date=20241122T115948, start_date=20241122T115953, end_date=20241122T115954
[2024-11-22T11:59:54.146+0000] {logging_mixin.py:190} INFO - Task instance in success state
[2024-11-22T11:59:54.147+0000] {logging_mixin.py:190} INFO -  Previous state of the Task instance: running
[2024-11-22T11:59:54.147+0000] {logging_mixin.py:190} INFO - Dag name:insert_stocknames_table queued_at:2024-11-22 11:59:48.255977+00:00
[2024-11-22T11:59:54.147+0000] {logging_mixin.py:190} INFO - Task hostname:cbc89c9f2db6 operator:PythonOperator
[2024-11-22T11:59:54.187+0000] {local_task_job_runner.py:266} INFO - Task exited with return code 0
[2024-11-22T11:59:54.202+0000] {taskinstance.py:3895} INFO - 0 downstream tasks scheduled from follow-on schedule check
[2024-11-22T11:59:54.203+0000] {local_task_job_runner.py:245} INFO - ::endgroup::
