[2024-11-20T15:11:33.807+0000] {local_task_job_runner.py:123} INFO - ::group::Pre task execution logs
[2024-11-20T15:11:33.834+0000] {taskinstance.py:2613} INFO - Dependencies all met for dep_context=non-requeueable deps ti=<TaskInstance: insert_stocknames_table.insert_stocknames_table manual__2024-11-20T15:11:22.504763+00:00 [queued]>
[2024-11-20T15:11:33.847+0000] {taskinstance.py:2613} INFO - Dependencies all met for dep_context=requeueable deps ti=<TaskInstance: insert_stocknames_table.insert_stocknames_table manual__2024-11-20T15:11:22.504763+00:00 [queued]>
[2024-11-20T15:11:33.848+0000] {taskinstance.py:2866} INFO - Starting attempt 1 of 1
[2024-11-20T15:11:33.869+0000] {taskinstance.py:2889} INFO - Executing <Task(PythonOperator): insert_stocknames_table> on 2024-11-20 15:11:22.504763+00:00
[2024-11-20T15:11:33.886+0000] {warnings.py:112} WARNING - /home/***/.local/lib/python3.12/site-packages/***/task/task_runner/standard_task_runner.py:70: DeprecationWarning: This process (pid=1807) is multi-threaded, use of fork() may lead to deadlocks in the child.
  pid = os.fork()

[2024-11-20T15:11:33.888+0000] {standard_task_runner.py:72} INFO - Started process 1816 to run task
[2024-11-20T15:11:33.889+0000] {standard_task_runner.py:104} INFO - Running: ['***', 'tasks', 'run', 'insert_stocknames_table', 'insert_stocknames_table', 'manual__2024-11-20T15:11:22.504763+00:00', '--job-id', '17', '--raw', '--subdir', 'DAGS_FOLDER/insert_stocknames.py', '--cfg-path', '/tmp/tmphrp1lbuy']
[2024-11-20T15:11:33.891+0000] {standard_task_runner.py:105} INFO - Job 17: Subtask insert_stocknames_table
[2024-11-20T15:11:34.272+0000] {task_command.py:467} INFO - Running <TaskInstance: insert_stocknames_table.insert_stocknames_table manual__2024-11-20T15:11:22.504763+00:00 [running]> on host 3aa19a4ba60e
[2024-11-20T15:11:34.376+0000] {taskinstance.py:3132} INFO - Exporting env vars: AIRFLOW_CTX_DAG_OWNER='***' AIRFLOW_CTX_DAG_ID='insert_stocknames_table' AIRFLOW_CTX_TASK_ID='insert_stocknames_table' AIRFLOW_CTX_EXECUTION_DATE='2024-11-20T15:11:22.504763+00:00' AIRFLOW_CTX_TRY_NUMBER='1' AIRFLOW_CTX_DAG_RUN_ID='manual__2024-11-20T15:11:22.504763+00:00'
[2024-11-20T15:11:34.378+0000] {logging_mixin.py:190} INFO - Task instance is in running state
[2024-11-20T15:11:34.379+0000] {logging_mixin.py:190} INFO -  Previous state of the Task instance: queued
[2024-11-20T15:11:34.380+0000] {logging_mixin.py:190} INFO - Current task name:insert_stocknames_table state:running start_date:2024-11-20 15:11:33.835007+00:00
[2024-11-20T15:11:34.380+0000] {logging_mixin.py:190} INFO - Dag name:insert_stocknames_table and current dag run status:running
[2024-11-20T15:11:34.381+0000] {taskinstance.py:731} INFO - ::endgroup::
[2024-11-20T15:11:34.382+0000] {python.py:240} INFO - Done. Returned value was: Hello world from first Airflow DAG!
[2024-11-20T15:11:34.413+0000] {taskinstance.py:340} INFO - ::group::Post task execution logs
[2024-11-20T15:11:34.414+0000] {taskinstance.py:352} INFO - Marking task as SUCCESS. dag_id=insert_stocknames_table, task_id=insert_stocknames_table, run_id=manual__2024-11-20T15:11:22.504763+00:00, execution_date=20241120T151122, start_date=20241120T151133, end_date=20241120T151134
[2024-11-20T15:11:34.429+0000] {logging_mixin.py:190} INFO - Task instance in success state
[2024-11-20T15:11:34.430+0000] {logging_mixin.py:190} INFO -  Previous state of the Task instance: running
[2024-11-20T15:11:34.430+0000] {logging_mixin.py:190} INFO - Dag name:insert_stocknames_table queued_at:2024-11-20 15:11:22.592123+00:00
[2024-11-20T15:11:34.431+0000] {logging_mixin.py:190} INFO - Task hostname:3aa19a4ba60e operator:PythonOperator
[2024-11-20T15:11:34.468+0000] {local_task_job_runner.py:266} INFO - Task exited with return code 0
[2024-11-20T15:11:34.491+0000] {taskinstance.py:3895} INFO - 0 downstream tasks scheduled from follow-on schedule check
[2024-11-20T15:11:34.493+0000] {local_task_job_runner.py:245} INFO - ::endgroup::
