[2024-11-22T11:54:45.649+0000] {local_task_job_runner.py:123} INFO - ::group::Pre task execution logs
[2024-11-22T11:54:45.665+0000] {taskinstance.py:2613} INFO - Dependencies all met for dep_context=non-requeueable deps ti=<TaskInstance: insert_stocknames_table.insert_to_db manual__2024-11-22T11:54:35.854106+00:00 [queued]>
[2024-11-22T11:54:45.672+0000] {taskinstance.py:2613} INFO - Dependencies all met for dep_context=requeueable deps ti=<TaskInstance: insert_stocknames_table.insert_to_db manual__2024-11-22T11:54:35.854106+00:00 [queued]>
[2024-11-22T11:54:45.673+0000] {taskinstance.py:2866} INFO - Starting attempt 1 of 1
[2024-11-22T11:54:45.872+0000] {taskinstance.py:2889} INFO - Executing <Task(PythonOperator): insert_to_db> on 2024-11-22 11:54:35.854106+00:00
[2024-11-22T11:54:45.882+0000] {warnings.py:112} WARNING - /home/***/.local/lib/python3.12/site-packages/***/task/task_runner/standard_task_runner.py:70: DeprecationWarning: This process (pid=83) is multi-threaded, use of fork() may lead to deadlocks in the child.
  pid = os.fork()

[2024-11-22T11:54:45.884+0000] {standard_task_runner.py:104} INFO - Running: ['***', 'tasks', 'run', 'insert_stocknames_table', 'insert_to_db', 'manual__2024-11-22T11:54:35.854106+00:00', '--job-id', '32', '--raw', '--subdir', 'DAGS_FOLDER/insert_stocknames.py', '--cfg-path', '/tmp/tmpdjjzqi4x']
[2024-11-22T11:54:45.885+0000] {standard_task_runner.py:72} INFO - Started process 85 to run task
[2024-11-22T11:54:45.885+0000] {standard_task_runner.py:105} INFO - Job 32: Subtask insert_to_db
[2024-11-22T11:54:45.927+0000] {task_command.py:467} INFO - Running <TaskInstance: insert_stocknames_table.insert_to_db manual__2024-11-22T11:54:35.854106+00:00 [running]> on host ec3661e59984
[2024-11-22T11:54:46.012+0000] {taskinstance.py:3132} INFO - Exporting env vars: AIRFLOW_CTX_DAG_OWNER='***' AIRFLOW_CTX_DAG_ID='insert_stocknames_table' AIRFLOW_CTX_TASK_ID='insert_to_db' AIRFLOW_CTX_EXECUTION_DATE='2024-11-22T11:54:35.854106+00:00' AIRFLOW_CTX_TRY_NUMBER='1' AIRFLOW_CTX_DAG_RUN_ID='manual__2024-11-22T11:54:35.854106+00:00'
[2024-11-22T11:54:46.014+0000] {logging_mixin.py:190} INFO - Task instance is in running state
[2024-11-22T11:54:46.015+0000] {logging_mixin.py:190} INFO -  Previous state of the Task instance: queued
[2024-11-22T11:54:46.016+0000] {logging_mixin.py:190} INFO - Current task name:insert_to_db state:running start_date:2024-11-22 11:54:45.666078+00:00
[2024-11-22T11:54:46.017+0000] {logging_mixin.py:190} INFO - Dag name:insert_stocknames_table and current dag run status:running
[2024-11-22T11:54:46.017+0000] {taskinstance.py:731} INFO - ::endgroup::
[2024-11-22T11:54:46.365+0000] {python.py:240} INFO - Done. Returned value was: None
[2024-11-22T11:54:46.375+0000] {taskinstance.py:340} INFO - ::group::Post task execution logs
[2024-11-22T11:54:46.375+0000] {taskinstance.py:352} INFO - Marking task as SUCCESS. dag_id=insert_stocknames_table, task_id=insert_to_db, run_id=manual__2024-11-22T11:54:35.854106+00:00, execution_date=20241122T115435, start_date=20241122T115445, end_date=20241122T115446
[2024-11-22T11:54:46.385+0000] {logging_mixin.py:190} INFO - Task instance in success state
[2024-11-22T11:54:46.385+0000] {logging_mixin.py:190} INFO -  Previous state of the Task instance: running
[2024-11-22T11:54:46.386+0000] {logging_mixin.py:190} INFO - Dag name:insert_stocknames_table queued_at:2024-11-22 11:54:35.893332+00:00
[2024-11-22T11:54:46.386+0000] {logging_mixin.py:190} INFO - Task hostname:ec3661e59984 operator:PythonOperator
[2024-11-22T11:54:46.424+0000] {local_task_job_runner.py:266} INFO - Task exited with return code 0
[2024-11-22T11:54:46.441+0000] {taskinstance.py:3895} INFO - 0 downstream tasks scheduled from follow-on schedule check
[2024-11-22T11:54:46.443+0000] {local_task_job_runner.py:245} INFO - ::endgroup::
