[2024-11-20T11:23:27.671+0000] {local_task_job_runner.py:123} INFO - ::group::Pre task execution logs
[2024-11-20T11:23:27.688+0000] {taskinstance.py:2613} INFO - Dependencies all met for dep_context=non-requeueable deps ti=<TaskInstance: hello_world.hello_task manual__2024-11-20T11:23:24.899158+00:00 [queued]>
[2024-11-20T11:23:27.695+0000] {taskinstance.py:2613} INFO - Dependencies all met for dep_context=requeueable deps ti=<TaskInstance: hello_world.hello_task manual__2024-11-20T11:23:24.899158+00:00 [queued]>
[2024-11-20T11:23:27.695+0000] {taskinstance.py:2866} INFO - Starting attempt 1 of 1
[2024-11-20T11:23:27.708+0000] {taskinstance.py:2889} INFO - Executing <Task(PythonOperator): hello_task> on 2024-11-20 11:23:24.899158+00:00
[2024-11-20T11:23:27.717+0000] {warnings.py:112} WARNING - /home/***/.local/lib/python3.12/site-packages/***/task/task_runner/standard_task_runner.py:70: DeprecationWarning: This process (pid=72) is multi-threaded, use of fork() may lead to deadlocks in the child.
  pid = os.fork()

[2024-11-20T11:23:27.719+0000] {standard_task_runner.py:72} INFO - Started process 76 to run task
[2024-11-20T11:23:27.724+0000] {standard_task_runner.py:104} INFO - Running: ['***', 'tasks', 'run', 'hello_world', 'hello_task', 'manual__2024-11-20T11:23:24.899158+00:00', '--job-id', '8', '--raw', '--subdir', 'DAGS_FOLDER/hello_world.py', '--cfg-path', '/tmp/tmpwdewunq0']
[2024-11-20T11:23:27.725+0000] {standard_task_runner.py:105} INFO - Job 8: Subtask hello_task
[2024-11-20T11:23:28.082+0000] {task_command.py:467} INFO - Running <TaskInstance: hello_world.hello_task manual__2024-11-20T11:23:24.899158+00:00 [running]> on host 30620987e3a0
[2024-11-20T11:23:28.153+0000] {taskinstance.py:3132} INFO - Exporting env vars: AIRFLOW_CTX_DAG_OWNER='***' AIRFLOW_CTX_DAG_ID='hello_world' AIRFLOW_CTX_TASK_ID='hello_task' AIRFLOW_CTX_EXECUTION_DATE='2024-11-20T11:23:24.899158+00:00' AIRFLOW_CTX_TRY_NUMBER='1' AIRFLOW_CTX_DAG_RUN_ID='manual__2024-11-20T11:23:24.899158+00:00'
[2024-11-20T11:23:28.154+0000] {logging_mixin.py:190} INFO - Task instance is in running state
[2024-11-20T11:23:28.155+0000] {logging_mixin.py:190} INFO -  Previous state of the Task instance: queued
[2024-11-20T11:23:28.155+0000] {logging_mixin.py:190} INFO - Current task name:hello_task state:running start_date:2024-11-20 11:23:27.688914+00:00
[2024-11-20T11:23:28.155+0000] {logging_mixin.py:190} INFO - Dag name:hello_world and current dag run status:running
[2024-11-20T11:23:28.156+0000] {taskinstance.py:731} INFO - ::endgroup::
[2024-11-20T11:23:28.157+0000] {python.py:240} INFO - Done. Returned value was: Hello world from first Airflow DAG!
[2024-11-20T11:23:28.177+0000] {taskinstance.py:340} INFO - ::group::Post task execution logs
[2024-11-20T11:23:28.178+0000] {taskinstance.py:352} INFO - Marking task as SUCCESS. dag_id=hello_world, task_id=hello_task, run_id=manual__2024-11-20T11:23:24.899158+00:00, execution_date=20241120T112324, start_date=20241120T112327, end_date=20241120T112328
[2024-11-20T11:23:28.187+0000] {logging_mixin.py:190} INFO - Task instance in success state
[2024-11-20T11:23:28.187+0000] {logging_mixin.py:190} INFO -  Previous state of the Task instance: running
[2024-11-20T11:23:28.188+0000] {logging_mixin.py:190} INFO - Dag name:hello_world queued_at:2024-11-20 11:23:24.919335+00:00
[2024-11-20T11:23:28.188+0000] {logging_mixin.py:190} INFO - Task hostname:30620987e3a0 operator:PythonOperator
[2024-11-20T11:23:28.218+0000] {local_task_job_runner.py:266} INFO - Task exited with return code 0
[2024-11-20T11:23:28.239+0000] {taskinstance.py:3895} INFO - 0 downstream tasks scheduled from follow-on schedule check
[2024-11-20T11:23:28.241+0000] {local_task_job_runner.py:245} INFO - ::endgroup::
