[2024-11-22T13:49:14.068+0000] {local_task_job_runner.py:123} INFO - ::group::Pre task execution logs
[2024-11-22T13:49:14.093+0000] {taskinstance.py:2613} INFO - Dependencies all met for dep_context=non-requeueable deps ti=<TaskInstance: insert_stockprices_daily_table.insert_to_db scheduled__2024-11-22T12:15:00+00:00 [queued]>
[2024-11-22T13:49:14.103+0000] {taskinstance.py:2613} INFO - Dependencies all met for dep_context=requeueable deps ti=<TaskInstance: insert_stockprices_daily_table.insert_to_db scheduled__2024-11-22T12:15:00+00:00 [queued]>
[2024-11-22T13:49:14.104+0000] {taskinstance.py:2866} INFO - Starting attempt 1 of 1
[2024-11-22T13:49:14.125+0000] {taskinstance.py:2889} INFO - Executing <Task(PythonOperator): insert_to_db> on 2024-11-22 12:15:00+00:00
[2024-11-22T13:49:14.142+0000] {warnings.py:112} WARNING - /home/***/.local/lib/python3.12/site-packages/***/task/task_runner/standard_task_runner.py:70: DeprecationWarning: This process (pid=193) is multi-threaded, use of fork() may lead to deadlocks in the child.
  pid = os.fork()

[2024-11-22T13:49:14.145+0000] {standard_task_runner.py:72} INFO - Started process 195 to run task
[2024-11-22T13:49:14.144+0000] {standard_task_runner.py:104} INFO - Running: ['***', 'tasks', 'run', 'insert_stockprices_daily_table', 'insert_to_db', 'scheduled__2024-11-22T12:15:00+00:00', '--job-id', '53', '--raw', '--subdir', 'DAGS_FOLDER/insert_stockdailyprice.py', '--cfg-path', '/tmp/tmp9z8dhb61']
[2024-11-22T13:49:14.152+0000] {standard_task_runner.py:105} INFO - Job 53: Subtask insert_to_db
[2024-11-22T13:49:14.523+0000] {task_command.py:467} INFO - Running <TaskInstance: insert_stockprices_daily_table.insert_to_db scheduled__2024-11-22T12:15:00+00:00 [running]> on host 7f1386177236
[2024-11-22T13:49:14.616+0000] {taskinstance.py:3132} INFO - Exporting env vars: AIRFLOW_CTX_DAG_OWNER='***' AIRFLOW_CTX_DAG_ID='insert_stockprices_daily_table' AIRFLOW_CTX_TASK_ID='insert_to_db' AIRFLOW_CTX_EXECUTION_DATE='2024-11-22T12:15:00+00:00' AIRFLOW_CTX_TRY_NUMBER='1' AIRFLOW_CTX_DAG_RUN_ID='scheduled__2024-11-22T12:15:00+00:00'
[2024-11-22T13:49:14.618+0000] {logging_mixin.py:190} INFO - Task instance is in running state
[2024-11-22T13:49:14.618+0000] {logging_mixin.py:190} INFO -  Previous state of the Task instance: queued
[2024-11-22T13:49:14.619+0000] {logging_mixin.py:190} INFO - Current task name:insert_to_db state:running start_date:2024-11-22 13:49:14.094471+00:00
[2024-11-22T13:49:14.620+0000] {logging_mixin.py:190} INFO - Dag name:insert_stockprices_daily_table and current dag run status:running
[2024-11-22T13:49:14.620+0000] {taskinstance.py:731} INFO - ::endgroup::
[2024-11-22T13:49:15.092+0000] {python.py:240} INFO - Done. Returned value was: None
[2024-11-22T13:49:15.104+0000] {taskinstance.py:340} INFO - ::group::Post task execution logs
[2024-11-22T13:49:15.105+0000] {taskinstance.py:352} INFO - Marking task as SUCCESS. dag_id=insert_stockprices_daily_table, task_id=insert_to_db, run_id=scheduled__2024-11-22T12:15:00+00:00, execution_date=20241122T121500, start_date=20241122T134914, end_date=20241122T134915
[2024-11-22T13:49:15.117+0000] {logging_mixin.py:190} INFO - Task instance in success state
[2024-11-22T13:49:15.118+0000] {logging_mixin.py:190} INFO -  Previous state of the Task instance: running
[2024-11-22T13:49:15.119+0000] {logging_mixin.py:190} INFO - Dag name:insert_stockprices_daily_table queued_at:2024-11-22 13:49:06.466180+00:00
[2024-11-22T13:49:15.119+0000] {logging_mixin.py:190} INFO - Task hostname:7f1386177236 operator:PythonOperator
[2024-11-22T13:49:15.169+0000] {local_task_job_runner.py:266} INFO - Task exited with return code 0
[2024-11-22T13:49:15.489+0000] {taskinstance.py:3895} INFO - 0 downstream tasks scheduled from follow-on schedule check
[2024-11-22T13:49:15.510+0000] {local_task_job_runner.py:245} INFO - ::endgroup::
