[2024-11-22T11:45:52.577+0000] {local_task_job_runner.py:123} INFO - ::group::Pre task execution logs
[2024-11-22T11:45:52.593+0000] {taskinstance.py:2613} INFO - Dependencies all met for dep_context=non-requeueable deps ti=<TaskInstance: insert_stocknames_table.insert_to_db manual__2024-11-22T11:45:47.931018+00:00 [queued]>
[2024-11-22T11:45:52.602+0000] {taskinstance.py:2613} INFO - Dependencies all met for dep_context=requeueable deps ti=<TaskInstance: insert_stocknames_table.insert_to_db manual__2024-11-22T11:45:47.931018+00:00 [queued]>
[2024-11-22T11:45:52.603+0000] {taskinstance.py:2866} INFO - Starting attempt 1 of 1
[2024-11-22T11:45:52.807+0000] {taskinstance.py:2889} INFO - Executing <Task(PythonOperator): insert_to_db> on 2024-11-22 11:45:47.931018+00:00
[2024-11-22T11:45:52.817+0000] {warnings.py:112} WARNING - /home/***/.local/lib/python3.12/site-packages/***/task/task_runner/standard_task_runner.py:70: DeprecationWarning: This process (pid=820) is multi-threaded, use of fork() may lead to deadlocks in the child.
  pid = os.fork()

[2024-11-22T11:45:52.819+0000] {standard_task_runner.py:72} INFO - Started process 822 to run task
[2024-11-22T11:45:52.819+0000] {standard_task_runner.py:104} INFO - Running: ['***', 'tasks', 'run', 'insert_stocknames_table', 'insert_to_db', 'manual__2024-11-22T11:45:47.931018+00:00', '--job-id', '26', '--raw', '--subdir', 'DAGS_FOLDER/insert_stocknames.py', '--cfg-path', '/tmp/tmpfn7w_b5d']
[2024-11-22T11:45:52.820+0000] {standard_task_runner.py:105} INFO - Job 26: Subtask insert_to_db
[2024-11-22T11:45:52.866+0000] {task_command.py:467} INFO - Running <TaskInstance: insert_stocknames_table.insert_to_db manual__2024-11-22T11:45:47.931018+00:00 [running]> on host b1cd3ec251f1
[2024-11-22T11:45:52.951+0000] {taskinstance.py:3132} INFO - Exporting env vars: AIRFLOW_CTX_DAG_OWNER='***' AIRFLOW_CTX_DAG_ID='insert_stocknames_table' AIRFLOW_CTX_TASK_ID='insert_to_db' AIRFLOW_CTX_EXECUTION_DATE='2024-11-22T11:45:47.931018+00:00' AIRFLOW_CTX_TRY_NUMBER='1' AIRFLOW_CTX_DAG_RUN_ID='manual__2024-11-22T11:45:47.931018+00:00'
[2024-11-22T11:45:52.953+0000] {logging_mixin.py:190} INFO - Task instance is in running state
[2024-11-22T11:45:52.953+0000] {logging_mixin.py:190} INFO -  Previous state of the Task instance: queued
[2024-11-22T11:45:52.954+0000] {logging_mixin.py:190} INFO - Current task name:insert_to_db state:running start_date:2024-11-22 11:45:52.594260+00:00
[2024-11-22T11:45:52.954+0000] {logging_mixin.py:190} INFO - Dag name:insert_stocknames_table and current dag run status:running
[2024-11-22T11:45:52.954+0000] {taskinstance.py:731} INFO - ::endgroup::
[2024-11-22T11:45:52.965+0000] {logging_mixin.py:190} INFO - 06N 06MAGNA
[2024-11-22T11:45:52.966+0000] {logging_mixin.py:190} INFO - 08N 08OCTAVA
[2024-11-22T11:45:52.966+0000] {logging_mixin.py:190} INFO - 11B 11BIT
[2024-11-22T11:45:52.966+0000] {logging_mixin.py:190} INFO - 1AT ATAL
[2024-11-22T11:45:52.967+0000] {logging_mixin.py:190} INFO - 3RG 3RGAMES
[2024-11-22T11:45:52.967+0000] {logging_mixin.py:190} INFO - AAT ALTA
[2024-11-22T11:45:52.968+0000] {logging_mixin.py:190} INFO - ABE ABPL
[2024-11-22T11:45:52.968+0000] {logging_mixin.py:190} INFO - ABS ASSECOBS
[2024-11-22T11:45:52.968+0000] {logging_mixin.py:190} INFO - ACG ACAUTOGAZ
[2024-11-22T11:45:52.969+0000] {logging_mixin.py:190} INFO - ACP ASSECOPOL
[2024-11-22T11:45:52.969+0000] {logging_mixin.py:190} INFO - ACT ACTION
[2024-11-22T11:45:52.969+0000] {logging_mixin.py:190} INFO - ADV ADIUVO
[2024-11-22T11:45:52.970+0000] {logging_mixin.py:190} INFO - AGO AGORA
[2024-11-22T11:45:52.970+0000] {logging_mixin.py:190} INFO - AGT AGROTON
[2024-11-22T11:45:52.970+0000] {logging_mixin.py:190} INFO - AIN ABSINVEST
[2024-11-22T11:45:52.971+0000] {logging_mixin.py:190} INFO - ALE ALLEGRO
[2024-11-22T11:45:52.971+0000] {logging_mixin.py:190} INFO - ALG AIGAMES
[2024-11-22T11:45:52.971+0000] {logging_mixin.py:190} INFO - ALI ALTUS
[2024-11-22T11:45:52.971+0000] {logging_mixin.py:190} INFO - ALL AILLERON
[2024-11-22T11:45:52.972+0000] {logging_mixin.py:190} INFO - ALR ALIOR
[2024-11-22T11:45:52.972+0000] {logging_mixin.py:190} INFO - AMB AMBRA
[2024-11-22T11:45:52.973+0000] {logging_mixin.py:190} INFO - AMC AMICA
[2024-11-22T11:45:52.973+0000] {logging_mixin.py:190} INFO - ANR ANSWEAR
[2024-11-22T11:45:52.973+0000] {logging_mixin.py:190} INFO - APE APSENERGY
[2024-11-22T11:45:52.974+0000] {logging_mixin.py:190} INFO - APL AMPLI
[2024-11-22T11:45:52.974+0000] {logging_mixin.py:190} INFO - APN APLISENS
[2024-11-22T11:45:52.975+0000] {logging_mixin.py:190} INFO - APR AUTOPARTN
[2024-11-22T11:45:52.975+0000] {logging_mixin.py:190} INFO - APT APATOR
[2024-11-22T11:45:52.975+0000] {logging_mixin.py:190} INFO - ARH ARCHICOM
[2024-11-22T11:45:52.976+0000] {logging_mixin.py:190} INFO - ART ARTIFEX
[2024-11-22T11:45:52.976+0000] {logging_mixin.py:190} INFO - ASB ASBIS
[2024-11-22T11:45:52.976+0000] {logging_mixin.py:190} INFO - ASE ASSECOSEE
[2024-11-22T11:45:52.977+0000] {logging_mixin.py:190} INFO - ASM ASMGROUP
[2024-11-22T11:45:52.977+0000] {logging_mixin.py:190} INFO - AST ASTARTA
[2024-11-22T11:45:52.977+0000] {logging_mixin.py:190} INFO - ATC ARCTIC
[2024-11-22T11:45:52.978+0000] {logging_mixin.py:190} INFO - ATD ATENDE
[2024-11-22T11:45:52.978+0000] {logging_mixin.py:190} INFO - ATG ATMGRUPA
[2024-11-22T11:45:52.978+0000] {logging_mixin.py:190} INFO - ATP ATLANTAPL
[2024-11-22T11:45:52.979+0000] {logging_mixin.py:190} INFO - ATR ATREM
[2024-11-22T11:45:52.979+0000] {logging_mixin.py:190} INFO - ATS ATLANTIS
[2024-11-22T11:45:52.979+0000] {logging_mixin.py:190} INFO - ATT GRUPAAZOTY
[2024-11-22T11:45:52.979+0000] {logging_mixin.py:190} INFO - AWM AIRWAY
[2024-11-22T11:45:52.980+0000] {logging_mixin.py:190} INFO - B24 BRAND24
[2024-11-22T11:45:52.980+0000] {logging_mixin.py:190} INFO - BBD BBIDEV
[2024-11-22T11:45:52.980+0000] {logging_mixin.py:190} INFO - BBT BOOMBIT
[2024-11-22T11:45:52.981+0000] {logging_mixin.py:190} INFO - BCM BETACOM
[2024-11-22T11:45:52.981+0000] {logging_mixin.py:190} INFO - BCS BIGCHEESE
[2024-11-22T11:45:52.981+0000] {logging_mixin.py:190} INFO - BCX BIOCELTIX
[2024-11-22T11:45:52.982+0000] {logging_mixin.py:190} INFO - BDX BUDIMEX
[2024-11-22T11:45:52.982+0000] {logging_mixin.py:190} INFO - BDZ BEDZIN
[2024-11-22T11:45:52.982+0000] {logging_mixin.py:190} INFO - BFC BIOFACTOR
[2024-11-22T11:45:52.983+0000] {logging_mixin.py:190} INFO - BFT BENEFIT
[2024-11-22T11:45:52.983+0000] {logging_mixin.py:190} INFO - BHW HANDLOWY
[2024-11-22T11:45:52.983+0000] {logging_mixin.py:190} INFO - BIO BIOTON
[2024-11-22T11:45:52.984+0000] {logging_mixin.py:190} INFO - BIP BIOPLANET
[2024-11-22T11:45:52.984+0000] {logging_mixin.py:190} INFO - BLO BLOOBER
[2024-11-22T11:45:52.984+0000] {logging_mixin.py:190} INFO - BMC BUMECH
[2024-11-22T11:45:52.985+0000] {logging_mixin.py:190} INFO - BMX BIOMAXIMA
[2024-11-22T11:45:52.985+0000] {logging_mixin.py:190} INFO - BNP BNPPPL
[2024-11-22T11:45:52.985+0000] {logging_mixin.py:190} INFO - BOW BOWIM
[2024-11-22T11:45:52.986+0000] {logging_mixin.py:190} INFO - BRA BRASTER
[2024-11-22T11:45:52.986+0000] {logging_mixin.py:190} INFO - BRS BORYSZEW
[2024-11-22T11:45:52.986+0000] {logging_mixin.py:190} INFO - BST BEST
[2024-11-22T11:45:52.987+0000] {logging_mixin.py:190} INFO - CAP CAPITEA
[2024-11-22T11:45:52.987+0000] {logging_mixin.py:190} INFO - CAR INTERCARS
[2024-11-22T11:45:52.987+0000] {logging_mixin.py:190} INFO - CAV CAVATINA
[2024-11-22T11:45:52.988+0000] {logging_mixin.py:190} INFO - CBF CYBERFLKS
[2024-11-22T11:45:52.988+0000] {logging_mixin.py:190} INFO - CCE CCENERGY
[2024-11-22T11:45:52.988+0000] {logging_mixin.py:190} INFO - CDL CDRL
[2024-11-22T11:45:52.989+0000] {logging_mixin.py:190} INFO - CDR CDPROJEKT
[2024-11-22T11:45:52.989+0000] {logging_mixin.py:190} INFO - CIG CIGAMES
[2024-11-22T11:45:52.989+0000] {logging_mixin.py:190} INFO - CLC COLUMBUS
[2024-11-22T11:45:52.990+0000] {logging_mixin.py:190} INFO - CLD CLOUD
[2024-11-22T11:45:52.990+0000] {logging_mixin.py:190} INFO - CLE COALENERG
[2024-11-22T11:45:52.990+0000] {logging_mixin.py:190} INFO - CLN CLNPHARMA
[2024-11-22T11:45:52.991+0000] {logging_mixin.py:190} INFO - CMP COMP
[2024-11-22T11:45:52.991+0000] {logging_mixin.py:190} INFO - CMR COMARCH
[2024-11-22T11:45:52.991+0000] {logging_mixin.py:190} INFO - COG COGNOR
[2024-11-22T11:45:52.992+0000] {logging_mixin.py:190} INFO - CPA CAPITAL
[2024-11-22T11:45:52.992+0000] {logging_mixin.py:190} INFO - CPD CELTIC
[2024-11-22T11:45:52.992+0000] {logging_mixin.py:190} INFO - CPL COMPERIA
[2024-11-22T11:45:52.993+0000] {logging_mixin.py:190} INFO - CPR COMPREMUM
[2024-11-22T11:45:52.993+0000] {logging_mixin.py:190} INFO - CPS CYFRPLSAT
[2024-11-22T11:45:52.993+0000] {logging_mixin.py:190} INFO - CRC CARPATHIA
[2024-11-22T11:45:52.994+0000] {logging_mixin.py:190} INFO - CRI CREOTECH
[2024-11-22T11:45:52.994+0000] {logging_mixin.py:190} INFO - CRJ CREEPYJAR
[2024-11-22T11:45:52.994+0000] {logging_mixin.py:190} INFO - CRM CORMAY
[2024-11-22T11:45:52.995+0000] {logging_mixin.py:190} INFO - CSR CASPAR
[2024-11-22T11:45:52.995+0000] {logging_mixin.py:190} INFO - CTF CENTURION
[2024-11-22T11:45:52.995+0000] {logging_mixin.py:190} INFO - CTS CITYSERV
[2024-11-22T11:45:52.996+0000] {logging_mixin.py:190} INFO - CTX CAPTORTX
[2024-11-22T11:45:52.996+0000] {logging_mixin.py:190} INFO - CZT CZTOREBKA
[2024-11-22T11:45:52.996+0000] {logging_mixin.py:190} INFO - DAD DADELO
[2024-11-22T11:45:52.997+0000] {logging_mixin.py:190} INFO - DAT DATAWALK
[2024-11-22T11:45:52.997+0000] {logging_mixin.py:190} INFO - DBC DEBICA
[2024-11-22T11:45:52.997+0000] {logging_mixin.py:190} INFO - DBE DBENERGY
[2024-11-22T11:45:52.998+0000] {logging_mixin.py:190} INFO - DCR DECORA
[2024-11-22T11:45:52.998+0000] {logging_mixin.py:190} INFO - DEK DEKPOL
[2024-11-22T11:45:52.999+0000] {logging_mixin.py:190} INFO - DEL DELKO
[2024-11-22T11:45:52.999+0000] {logging_mixin.py:190} INFO - DGE DRAGOENT
[2024-11-22T11:45:52.999+0000] {logging_mixin.py:190} INFO - DIG DIGITANET
[2024-11-22T11:45:52.999+0000] {logging_mixin.py:190} INFO - DMG DMGROUP
[2024-11-22T11:45:53.000+0000] {logging_mixin.py:190} INFO - DNP DINOPL
[2024-11-22T11:45:53.000+0000] {logging_mixin.py:190} INFO - DOM DOMDEV
[2024-11-22T11:45:53.000+0000] {logging_mixin.py:190} INFO - DPL DROZAPOL
[2024-11-22T11:45:53.001+0000] {logging_mixin.py:190} INFO - DTR DIGITREE
[2024-11-22T11:45:53.001+0000] {logging_mixin.py:190} INFO - DVL DEVELIA
[2024-11-22T11:45:53.001+0000] {logging_mixin.py:190} INFO - EAH ESOTIQ
[2024-11-22T11:45:53.002+0000] {logging_mixin.py:190} INFO - EAT AMREST
[2024-11-22T11:45:53.002+0000] {logging_mixin.py:190} INFO - ECH ECHO
[2024-11-22T11:45:53.002+0000] {logging_mixin.py:190} INFO - EDI EDINVEST
[2024-11-22T11:45:53.003+0000] {logging_mixin.py:190} INFO - EEX EKOEXPORT
[2024-11-22T11:45:53.003+0000] {logging_mixin.py:190} INFO - EFK EFEKT
[2024-11-22T11:45:53.004+0000] {logging_mixin.py:190} INFO - EHG EUROHOLD
[2024-11-22T11:45:53.004+0000] {logging_mixin.py:190} INFO - EKP ELKOP
[2024-11-22T11:45:53.004+0000] {logging_mixin.py:190} INFO - ELT ELEKTROTI
[2024-11-22T11:45:53.005+0000] {logging_mixin.py:190} INFO - EMC EMCINSMED
[2024-11-22T11:45:53.005+0000] {logging_mixin.py:190} INFO - ENA ENEA
[2024-11-22T11:45:53.005+0000] {logging_mixin.py:190} INFO - ENE ENELMED
[2024-11-22T11:45:53.005+0000] {logging_mixin.py:190} INFO - ENG ENERGA
[2024-11-22T11:45:53.006+0000] {logging_mixin.py:190} INFO - ENI ENERGOINS
[2024-11-22T11:45:53.006+0000] {logging_mixin.py:190} INFO - ENP ENAP
[2024-11-22T11:45:53.006+0000] {logging_mixin.py:190} INFO - ENT ENTER
[2024-11-22T11:45:53.006+0000] {logging_mixin.py:190} INFO - EQU EQUNICO
[2024-11-22T11:45:53.007+0000] {logging_mixin.py:190} INFO - ERB ERBUD
[2024-11-22T11:45:53.007+0000] {logging_mixin.py:190} INFO - EST ESTAR
[2024-11-22T11:45:53.007+0000] {logging_mixin.py:190} INFO - ETL EUROTEL
[2024-11-22T11:45:53.008+0000] {logging_mixin.py:190} INFO - EUC EUCO
[2024-11-22T11:45:53.008+0000] {logging_mixin.py:190} INFO - EUR EUROCASH
[2024-11-22T11:45:53.008+0000] {logging_mixin.py:190} INFO - FAB FABRITY
[2024-11-22T11:45:53.008+0000] {logging_mixin.py:190} INFO - FEE FEERUM
[2024-11-22T11:45:53.009+0000] {logging_mixin.py:190} INFO - FER FERRUM
[2024-11-22T11:45:53.009+0000] {logging_mixin.py:190} INFO - FFI FASTFIN
[2024-11-22T11:45:53.009+0000] {logging_mixin.py:190} INFO - FRO FERRO
[2024-11-22T11:45:53.010+0000] {logging_mixin.py:190} INFO - FSG FASING
[2024-11-22T11:45:53.010+0000] {logging_mixin.py:190} INFO - FTE FORTE
[2024-11-22T11:45:53.010+0000] {logging_mixin.py:190} INFO - GEA GRENEVIA
[2024-11-22T11:45:53.010+0000] {logging_mixin.py:190} INFO - GIF GAMFACTOR
[2024-11-22T11:45:53.011+0000] {logging_mixin.py:190} INFO - GIG GIGROUP
[2024-11-22T11:45:53.011+0000] {logging_mixin.py:190} INFO - GKI IMMOBILE
[2024-11-22T11:45:53.011+0000] {logging_mixin.py:190} INFO - GMT GENOMTEC
[2024-11-22T11:45:53.012+0000] {logging_mixin.py:190} INFO - GOB GOBARTO
[2024-11-22T11:45:53.012+0000] {logging_mixin.py:190} INFO - GOP GAMEOPS
[2024-11-22T11:45:53.012+0000] {logging_mixin.py:190} INFO - GPP GRUPRACUJ
[2024-11-22T11:45:53.013+0000] {logging_mixin.py:190} INFO - GRN GRODNO
[2024-11-22T11:45:53.013+0000] {logging_mixin.py:190} INFO - GRX GREENX
[2024-11-22T11:45:53.014+0000] {logging_mixin.py:190} INFO - GTN GETIN
[2024-11-22T11:45:53.014+0000] {logging_mixin.py:190} INFO - HDR HYDROTOR
[2024-11-22T11:45:53.014+0000] {logging_mixin.py:190} INFO - HEL HELIO
[2024-11-22T11:45:53.015+0000] {logging_mixin.py:190} INFO - HLD HOLLYWOOD
[2024-11-22T11:45:53.015+0000] {logging_mixin.py:190} INFO - HMI HMINWEST
[2024-11-22T11:45:53.016+0000] {logging_mixin.py:190} INFO - HRP HARPER
[2024-11-22T11:45:53.016+0000] {logging_mixin.py:190} INFO - HRS HERKULES
[2024-11-22T11:45:53.016+0000] {logging_mixin.py:190} INFO - HUG HUUUGE
[2024-11-22T11:45:53.017+0000] {logging_mixin.py:190} INFO - IBS IBSM
[2024-11-22T11:45:53.017+0000] {logging_mixin.py:190} INFO - ICE MEDINICE
[2024-11-22T11:45:53.018+0000] {logging_mixin.py:190} INFO - IDG INDYGO
[2024-11-22T11:45:53.018+0000] {logging_mixin.py:190} INFO - IDM IDMSA
[2024-11-22T11:45:53.019+0000] {logging_mixin.py:190} INFO - IFC IFCAPITAL
[2024-11-22T11:45:53.019+0000] {logging_mixin.py:190} INFO - IFI IFIRMA
[2024-11-22T11:45:53.019+0000] {logging_mixin.py:190} INFO - IFR IFSA
[2024-11-22T11:45:53.020+0000] {logging_mixin.py:190} INFO - IIA IIAAV
[2024-11-22T11:45:53.020+0000] {logging_mixin.py:190} INFO - IMC IMCOMPANY
[2024-11-22T11:45:53.020+0000] {logging_mixin.py:190} INFO - IMP IMPERIO
[2024-11-22T11:45:53.021+0000] {logging_mixin.py:190} INFO - ING INGBSK
[2024-11-22T11:45:53.021+0000] {logging_mixin.py:190} INFO - INK INSTALKRK
[2024-11-22T11:45:53.021+0000] {logging_mixin.py:190} INFO - INL INTROL
[2024-11-22T11:45:53.022+0000] {logging_mixin.py:190} INFO - INP INPRO
[2024-11-22T11:45:53.022+0000] {logging_mixin.py:190} INFO - IPE IPOPEMA
[2024-11-22T11:45:53.022+0000] {logging_mixin.py:190} INFO - IPO INTERSPPL
[2024-11-22T11:45:53.023+0000] {logging_mixin.py:190} INFO - IRL INTERAOLT
[2024-11-22T11:45:53.023+0000] {logging_mixin.py:190} INFO - ITB INTERBUD
[2024-11-22T11:45:53.023+0000] {logging_mixin.py:190} INFO - IZB IZOBLOK
[2024-11-22T11:45:53.024+0000] {logging_mixin.py:190} INFO - IZO IZOLACJA
[2024-11-22T11:45:53.024+0000] {logging_mixin.py:190} INFO - IZS IZOSTAL
[2024-11-22T11:45:53.024+0000] {logging_mixin.py:190} INFO - JWW JWWINVEST
[2024-11-22T11:45:53.025+0000] {logging_mixin.py:190} INFO - KCH KRAKCHEM
[2024-11-22T11:45:53.025+0000] {logging_mixin.py:190} INFO - KDM KDMSHIPNG
[2024-11-22T11:45:53.025+0000] {logging_mixin.py:190} INFO - KER KERNEL
[2024-11-22T11:45:53.026+0000] {logging_mixin.py:190} INFO - KGH KGHM
[2024-11-22T11:45:53.026+0000] {logging_mixin.py:190} INFO - KGN KOGENERA
[2024-11-22T11:45:53.026+0000] {logging_mixin.py:190} INFO - KMP KOMPAP
[2024-11-22T11:45:53.027+0000] {logging_mixin.py:190} INFO - KOM KOMPUTRON
[2024-11-22T11:45:53.027+0000] {logging_mixin.py:190} INFO - KPD KPPD
[2024-11-22T11:45:53.027+0000] {logging_mixin.py:190} INFO - KPL KINOPOL
[2024-11-22T11:45:53.028+0000] {logging_mixin.py:190} INFO - KRI KREDYTIN
[2024-11-22T11:45:53.028+0000] {logging_mixin.py:190} INFO - KRK KRKA
[2024-11-22T11:45:53.028+0000] {logging_mixin.py:190} INFO - KRU KRUK
[2024-11-22T11:45:53.029+0000] {logging_mixin.py:190} INFO - KSG KSGAGRO
[2024-11-22T11:45:53.029+0000] {logging_mixin.py:190} INFO - KTY KETY
[2024-11-22T11:45:53.029+0000] {logging_mixin.py:190} INFO - KVT KRVITAMIN
[2024-11-22T11:45:53.030+0000] {logging_mixin.py:190} INFO - LAB LABOPRINT
[2024-11-22T11:45:53.030+0000] {logging_mixin.py:190} INFO - LBT LIBET
[2024-11-22T11:45:53.030+0000] {logging_mixin.py:190} INFO - LBW LUBAWA
[2024-11-22T11:45:53.031+0000] {logging_mixin.py:190} INFO - LEN LENA
[2024-11-22T11:45:53.031+0000] {logging_mixin.py:190} INFO - LES LESS
[2024-11-22T11:45:53.031+0000] {logging_mixin.py:190} INFO - LKD LOKUM
[2024-11-22T11:45:53.032+0000] {logging_mixin.py:190} INFO - LRK LARK
[2024-11-22T11:45:53.032+0000] {logging_mixin.py:190} INFO - LRQ LARQ
[2024-11-22T11:45:53.033+0000] {logging_mixin.py:190} INFO - LSI LSISOFT
[2024-11-22T11:45:53.033+0000] {logging_mixin.py:190} INFO - LTX LENTEX
[2024-11-22T11:45:53.033+0000] {logging_mixin.py:190} INFO - LWB BOGDANKA
[2024-11-22T11:45:53.034+0000] {logging_mixin.py:190} INFO - MAB MABION
[2024-11-22T11:45:53.034+0000] {logging_mixin.py:190} INFO - MAK MAKARONPL
[2024-11-22T11:45:53.034+0000] {logging_mixin.py:190} INFO - MAN MANYDEV
[2024-11-22T11:45:53.035+0000] {logging_mixin.py:190} INFO - MBK MBANK
[2024-11-22T11:45:53.035+0000] {logging_mixin.py:190} INFO - MBR MOBRUK
[2024-11-22T11:45:53.035+0000] {logging_mixin.py:190} INFO - MBW MBWS
[2024-11-22T11:45:53.035+0000] {logging_mixin.py:190} INFO - MCR MERCOR
[2024-11-22T11:45:53.036+0000] {logging_mixin.py:190} INFO - MDG MEDICALG
[2024-11-22T11:45:53.036+0000] {logging_mixin.py:190} INFO - MDI MDIENERGIA
[2024-11-22T11:45:53.036+0000] {logging_mixin.py:190} INFO - MEG MEGARON
[2024-11-22T11:45:53.037+0000] {logging_mixin.py:190} INFO - MEX MEXPOLSKA
[2024-11-22T11:45:53.037+0000] {logging_mixin.py:190} INFO - MGT MANGATA
[2024-11-22T11:45:53.037+0000] {logging_mixin.py:190} INFO - MIL MILLENNIUM
[2024-11-22T11:45:53.038+0000] {logging_mixin.py:190} INFO - MIR MIRACULUM
[2024-11-22T11:45:53.038+0000] {logging_mixin.py:190} INFO - MLG MLPGROUP
[2024-11-22T11:45:53.038+0000] {logging_mixin.py:190} INFO - MLK MILKILAND
[2024-11-22T11:45:53.039+0000] {logging_mixin.py:190} INFO - MLS MLSYSTEM
[2024-11-22T11:45:53.039+0000] {logging_mixin.py:190} INFO - MNC MENNICA
[2024-11-22T11:45:53.039+0000] {logging_mixin.py:190} INFO - MOC MOLECURE
[2024-11-22T11:45:53.040+0000] {logging_mixin.py:190} INFO - MON MONNARI
[2024-11-22T11:45:53.040+0000] {logging_mixin.py:190} INFO - MOV MOVIEGAMES
[2024-11-22T11:45:53.040+0000] {logging_mixin.py:190} INFO - MRB MIRBUD
[2024-11-22T11:45:53.041+0000] {logging_mixin.py:190} INFO - MRC MERCATOR
[2024-11-22T11:45:53.041+0000] {logging_mixin.py:190} INFO - MSP MOSTALPLC
[2024-11-22T11:45:53.041+0000] {logging_mixin.py:190} INFO - MSW MOSTALWAR
[2024-11-22T11:45:53.041+0000] {logging_mixin.py:190} INFO - MSZ MOSTALZAB
[2024-11-22T11:45:53.042+0000] {logging_mixin.py:190} INFO - MUR MURAPOL
[2024-11-22T11:45:53.042+0000] {logging_mixin.py:190} INFO - MVP MARVIPOL
[2024-11-22T11:45:53.043+0000] {logging_mixin.py:190} INFO - MWT MWTRADE
[2024-11-22T11:45:53.043+0000] {logging_mixin.py:190} INFO - MXC MAXCOM
[2024-11-22T11:45:53.043+0000] {logging_mixin.py:190} INFO - MZA MUZA
[2024-11-22T11:45:53.044+0000] {logging_mixin.py:190} INFO - NEU NEUCA
[2024-11-22T11:45:53.044+0000] {logging_mixin.py:190} INFO - NNG NANOGROUP
[2024-11-22T11:45:53.044+0000] {logging_mixin.py:190} INFO - NTC NTCAPITAL
[2024-11-22T11:45:53.045+0000] {logging_mixin.py:190} INFO - NTT NTTSYSTEM
[2024-11-22T11:45:53.045+0000] {logging_mixin.py:190} INFO - NTU NOVATURAS
[2024-11-22T11:45:53.045+0000] {logging_mixin.py:190} INFO - NVA PANOVA
[2024-11-22T11:45:53.046+0000] {logging_mixin.py:190} INFO - NVG NOVAVISGR
[2024-11-22T11:45:53.046+0000] {logging_mixin.py:190} INFO - NVT NOVITA
[2024-11-22T11:45:53.046+0000] {logging_mixin.py:190} INFO - NWG NEWAG
[2024-11-22T11:45:53.047+0000] {logging_mixin.py:190} INFO - NXG NEXITY
[2024-11-22T11:45:53.047+0000] {logging_mixin.py:190} INFO - OBL ORZBIALY
[2024-11-22T11:45:53.047+0000] {logging_mixin.py:190} INFO - ODL ODLEWNIE
[2024-11-22T11:45:53.048+0000] {logging_mixin.py:190} INFO - OND ONDE
[2024-11-22T11:45:53.048+0000] {logging_mixin.py:190} INFO - ONO ONESANO
[2024-11-22T11:45:53.049+0000] {logging_mixin.py:190} INFO - OPG ORCOGROUP
[2024-11-22T11:45:53.049+0000] {logging_mixin.py:190} INFO - OPL ORANGEPL
[2024-11-22T11:45:53.049+0000] {logging_mixin.py:190} INFO - OPM OPTEAM
[2024-11-22T11:45:53.050+0000] {logging_mixin.py:190} INFO - OPN OPONEO.PL
[2024-11-22T11:45:53.050+0000] {logging_mixin.py:190} INFO - OTM OTMUCHOW
[2024-11-22T11:45:53.050+0000] {logging_mixin.py:190} INFO - OTS OTLOG
[2024-11-22T11:45:53.050+0000] {logging_mixin.py:190} INFO - OVO OVOSTAR
[2024-11-22T11:45:53.051+0000] {logging_mixin.py:190} INFO - PAS PASSUS
[2024-11-22T11:45:53.051+0000] {logging_mixin.py:190} INFO - PAT PATENTUS
[2024-11-22T11:45:53.051+0000] {logging_mixin.py:190} INFO - PBF PBSFINANSE
[2024-11-22T11:45:53.052+0000] {logging_mixin.py:190} INFO - PBX PEKABEX
[2024-11-22T11:45:53.052+0000] {logging_mixin.py:190} INFO - PCE POLICE
[2024-11-22T11:45:53.052+0000] {logging_mixin.py:190} INFO - PCF PCFGROUP
[2024-11-22T11:45:53.053+0000] {logging_mixin.py:190} INFO - PCO PEPCO
[2024-11-22T11:45:53.053+0000] {logging_mixin.py:190} INFO - PCR PCCROKITA
[2024-11-22T11:45:53.053+0000] {logging_mixin.py:190} INFO - PCX PCCEXOL
[2024-11-22T11:45:53.054+0000] {logging_mixin.py:190} INFO - PEN PHOTON
[2024-11-22T11:45:53.054+0000] {logging_mixin.py:190} INFO - PEO PEKAO
[2024-11-22T11:45:53.054+0000] {logging_mixin.py:190} INFO - PGM PMPG
[2024-11-22T11:45:53.055+0000] {logging_mixin.py:190} INFO - PGV PGFGROUP
[2024-11-22T11:45:53.055+0000] {logging_mixin.py:190} INFO - PHR PHARMENA
[2024-11-22T11:45:53.055+0000] {logging_mixin.py:190} INFO - PJP PJPMAKRUM
[2024-11-22T11:45:53.056+0000] {logging_mixin.py:190} INFO - PKN PKNORLEN
[2024-11-22T11:45:53.056+0000] {logging_mixin.py:190} INFO - PKO PKOBP
[2024-11-22T11:45:53.056+0000] {logging_mixin.py:190} INFO - PKP PKPCARGO
[2024-11-22T11:45:53.056+0000] {logging_mixin.py:190} INFO - PLW PLAYWAY
[2024-11-22T11:45:53.057+0000] {logging_mixin.py:190} INFO - PLZ PLAZACNTR
[2024-11-22T11:45:53.057+0000] {logging_mixin.py:190} INFO - PMA PRIMAMODA
[2024-11-22T11:45:53.057+0000] {logging_mixin.py:190} INFO - PMP PAMAPOL
[2024-11-22T11:45:53.058+0000] {logging_mixin.py:190} INFO - PPS PEPEES
[2024-11-22T11:45:53.058+0000] {logging_mixin.py:190} INFO - PRI PRAGMAINK
[2024-11-22T11:45:53.058+0000] {logging_mixin.py:190} INFO - PRM PROCHEM
[2024-11-22T11:45:53.059+0000] {logging_mixin.py:190} INFO - PRT PROTEKTOR
[2024-11-22T11:45:53.059+0000] {logging_mixin.py:190} INFO - PTG POLTREG
[2024-11-22T11:45:53.059+0000] {logging_mixin.py:190} INFO - PTW PTWP
[2024-11-22T11:45:53.060+0000] {logging_mixin.py:190} INFO - PUR PURE
[2024-11-22T11:45:53.060+0000] {logging_mixin.py:190} INFO - PWX POLWAX
[2024-11-22T11:45:53.060+0000] {logging_mixin.py:190} INFO - PXM POLIMEXMS
[2024-11-22T11:45:53.060+0000] {logging_mixin.py:190} INFO - QNT QUANTUM
[2024-11-22T11:45:53.061+0000] {logging_mixin.py:190} INFO - QRS QUERCUS
[2024-11-22T11:45:53.061+0000] {logging_mixin.py:190} INFO - RAE RAEN
[2024-11-22T11:45:53.061+0000] {logging_mixin.py:190} INFO - RAF RAFAMET
[2024-11-22T11:45:53.061+0000] {logging_mixin.py:190} INFO - RBW RAINBOW
[2024-11-22T11:45:53.062+0000] {logging_mixin.py:190} INFO - RDN REDAN
[2024-11-22T11:45:53.062+0000] {logging_mixin.py:190} INFO - REG REGNON
[2024-11-22T11:45:53.062+0000] {logging_mixin.py:190} INFO - RFK RAFAKO
[2024-11-22T11:45:53.063+0000] {logging_mixin.py:190} INFO - RHD REINHOLD
[2024-11-22T11:45:53.063+0000] {logging_mixin.py:190} INFO - RLP RELPOL
[2024-11-22T11:45:53.064+0000] {logging_mixin.py:190} INFO - RMK REMAK
[2024-11-22T11:45:53.064+0000] {logging_mixin.py:190} INFO - RNC REINO
[2024-11-22T11:45:53.064+0000] {logging_mixin.py:190} INFO - RND RENDER
[2024-11-22T11:45:53.065+0000] {logging_mixin.py:190} INFO - RNK RANKPROGR
[2024-11-22T11:45:53.065+0000] {logging_mixin.py:190} INFO - RPC ROPCZYCE
[2024-11-22T11:45:53.065+0000] {logging_mixin.py:190} INFO - RVU RYVU
[2024-11-22T11:45:53.066+0000] {logging_mixin.py:190} INFO - RWL RAWLPLUG
[2024-11-22T11:45:53.066+0000] {logging_mixin.py:190} INFO - SAN SANTANDER
[2024-11-22T11:45:53.066+0000] {logging_mixin.py:190} INFO - SCP SCPFL
[2024-11-22T11:45:53.067+0000] {logging_mixin.py:190} INFO - SEK SEKO
[2024-11-22T11:45:53.067+0000] {logging_mixin.py:190} INFO - SEL SELENAFM
[2024-11-22T11:45:53.067+0000] {logging_mixin.py:190} INFO - SEN SERINUS
[2024-11-22T11:45:53.068+0000] {logging_mixin.py:190} INFO - SES SESCOM
[2024-11-22T11:45:53.068+0000] {logging_mixin.py:190} INFO - SFG SILVANO
[2024-11-22T11:45:53.068+0000] {logging_mixin.py:190} INFO - SFS SFINKS
[2024-11-22T11:45:53.069+0000] {logging_mixin.py:190} INFO - SGN SYGNITY
[2024-11-22T11:45:53.069+0000] {logging_mixin.py:190} INFO - SGR SADOVAYA
[2024-11-22T11:45:53.069+0000] {logging_mixin.py:190} INFO - SHD SOHODEV
[2024-11-22T11:45:53.070+0000] {logging_mixin.py:190} INFO - SHG STARHEDGE
[2024-11-22T11:45:53.070+0000] {logging_mixin.py:190} INFO - SHO SHOPER
[2024-11-22T11:45:53.070+0000] {logging_mixin.py:190} INFO - SIM SIMFABRIC
[2024-11-22T11:45:53.070+0000] {logging_mixin.py:190} INFO - SKA SNIEZKA
[2024-11-22T11:45:53.071+0000] {logging_mixin.py:190} INFO - SKH SKARBIEC
[2024-11-22T11:45:53.071+0000] {logging_mixin.py:190} INFO - SKL SKYLINE
[2024-11-22T11:45:53.071+0000] {logging_mixin.py:190} INFO - SLV SELVITA
[2024-11-22T11:45:53.072+0000] {logging_mixin.py:190} INFO - SNK SANOK
[2024-11-22T11:45:53.072+0000] {logging_mixin.py:190} INFO - SNT SYNEKTIK
[2024-11-22T11:45:53.072+0000] {logging_mixin.py:190} INFO - SNW SANWIL
[2024-11-22T11:45:53.073+0000] {logging_mixin.py:190} INFO - SNX SUNEX
[2024-11-22T11:45:53.073+0000] {logging_mixin.py:190} INFO - SON SONEL
[2024-11-22T11:45:53.073+0000] {logging_mixin.py:190} INFO - SPH SOPHARMA
[2024-11-22T11:45:53.074+0000] {logging_mixin.py:190} INFO - SPL SANPL
[2024-11-22T11:45:53.074+0000] {logging_mixin.py:190} INFO - SPR SPYROSOFT
[2024-11-22T11:45:53.074+0000] {logging_mixin.py:190} INFO - STF STALPROFI
[2024-11-22T11:45:53.075+0000] {logging_mixin.py:190} INFO - STP STALPROD
[2024-11-22T11:45:53.075+0000] {logging_mixin.py:190} INFO - STS SATIS
[2024-11-22T11:45:53.075+0000] {logging_mixin.py:190} INFO - STX STALEXP
[2024-11-22T11:45:53.076+0000] {logging_mixin.py:190} INFO - SVE SNTVERSE
[2024-11-22T11:45:53.076+0000] {logging_mixin.py:190} INFO - SVRS SILVAIR-REGS
[2024-11-22T11:45:53.076+0000] {logging_mixin.py:190} INFO - SWG SECOGROUP
[2024-11-22T11:45:53.076+0000] {logging_mixin.py:190} INFO - TAR TARCZYNSKI
[2024-11-22T11:45:53.077+0000] {logging_mixin.py:190} INFO - TBL TBULL
[2024-11-22T11:45:53.077+0000] {logging_mixin.py:190} INFO - TEN TSGAMES
[2024-11-22T11:45:53.077+0000] {logging_mixin.py:190} INFO - THG TENDERHUT
[2024-11-22T11:45:53.078+0000] {logging_mixin.py:190} INFO - TLX TALEX
[2024-11-22T11:45:53.078+0000] {logging_mixin.py:190} INFO - TMR TATRY
[2024-11-22T11:45:53.078+0000] {logging_mixin.py:190} INFO - TOA TOYA
[2024-11-22T11:45:53.079+0000] {logging_mixin.py:190} INFO - TOR TORPOL
[2024-11-22T11:45:53.079+0000] {logging_mixin.py:190} INFO - TOW TOWERINVT
[2024-11-22T11:45:53.080+0000] {logging_mixin.py:190} INFO - TPE TAURONPE
[2024-11-22T11:45:53.080+0000] {logging_mixin.py:190} INFO - TRI TRITON
[2024-11-22T11:45:53.081+0000] {logging_mixin.py:190} INFO - TRK TRAKCJA
[2024-11-22T11:45:53.081+0000] {logging_mixin.py:190} INFO - TRN TRANSPOL
[2024-11-22T11:45:53.082+0000] {logging_mixin.py:190} INFO - TRR TERMOREX
[2024-11-22T11:45:53.082+0000] {logging_mixin.py:190} INFO - TSG TESGAS
[2024-11-22T11:45:53.082+0000] {logging_mixin.py:190} INFO - TXT TEXT
[2024-11-22T11:45:53.083+0000] {logging_mixin.py:190} INFO - UCG UNICREDIT
[2024-11-22T11:45:53.083+0000] {logging_mixin.py:190} INFO - ULG ULTGAMES
[2024-11-22T11:45:53.084+0000] {logging_mixin.py:190} INFO - ULM ULMA
[2024-11-22T11:45:53.084+0000] {logging_mixin.py:190} INFO - UNF UNFOLD
[2024-11-22T11:45:53.084+0000] {logging_mixin.py:190} INFO - UNI UNIBEP
[2024-11-22T11:45:53.085+0000] {logging_mixin.py:190} INFO - UNT UNIMOT
[2024-11-22T11:45:53.085+0000] {logging_mixin.py:190} INFO - URT URTESTE
[2024-11-22T11:45:53.085+0000] {logging_mixin.py:190} INFO - VGO VIGOPHOTN
[2024-11-22T11:45:53.086+0000] {logging_mixin.py:190} INFO - VIN VINDEXUS
[2024-11-22T11:45:53.086+0000] {logging_mixin.py:190} INFO - VOT VOTUM
[2024-11-22T11:45:53.087+0000] {logging_mixin.py:190} INFO - VOX VOXEL
[2024-11-22T11:45:53.087+0000] {logging_mixin.py:190} INFO - VRC VERCOM
[2024-11-22T11:45:53.087+0000] {logging_mixin.py:190} INFO - VTL VISTAL
[2024-11-22T11:45:53.087+0000] {logging_mixin.py:190} INFO - VVD VIVID
[2024-11-22T11:45:53.088+0000] {logging_mixin.py:190} INFO - WAS WASKO
[2024-11-22T11:45:53.088+0000] {logging_mixin.py:190} INFO - WIK WIKANA
[2024-11-22T11:45:53.089+0000] {logging_mixin.py:190} INFO - WIS WINVEST
[2024-11-22T11:45:53.089+0000] {logging_mixin.py:190} INFO - WLT WIELTON
[2024-11-22T11:45:53.089+0000] {logging_mixin.py:190} INFO - WPL WIRTUALNA
[2024-11-22T11:45:53.090+0000] {logging_mixin.py:190} INFO - WPR WOODPCKR
[2024-11-22T11:45:53.090+0000] {logging_mixin.py:190} INFO - WTN WITTCHEN
[2024-11-22T11:45:53.090+0000] {logging_mixin.py:190} INFO - WWL WAWEL
[2024-11-22T11:45:53.091+0000] {logging_mixin.py:190} INFO - WXF WARIMPEX
[2024-11-22T11:45:53.091+0000] {logging_mixin.py:190} INFO - XPL XPLUS
[2024-11-22T11:45:53.091+0000] {logging_mixin.py:190} INFO - XTP XTPL
[2024-11-22T11:45:53.091+0000] {logging_mixin.py:190} INFO - YOL YOLO
[2024-11-22T11:45:53.092+0000] {logging_mixin.py:190} INFO - YRL YARRL
[2024-11-22T11:45:53.092+0000] {logging_mixin.py:190} INFO - ZAB ZABKA
[2024-11-22T11:45:53.093+0000] {logging_mixin.py:190} INFO - ZAP PULAWY
[2024-11-22T11:45:53.093+0000] {logging_mixin.py:190} INFO - ZEP ZEPAK
[2024-11-22T11:45:53.093+0000] {logging_mixin.py:190} INFO - ZMT ZAMET
[2024-11-22T11:45:53.094+0000] {logging_mixin.py:190} INFO - ZRE ZREMB
[2024-11-22T11:45:53.094+0000] {logging_mixin.py:190} INFO - ZUK STAPORKOW
[2024-11-22T11:45:53.094+0000] {python.py:240} INFO - Done. Returned value was: None
[2024-11-22T11:45:53.105+0000] {taskinstance.py:340} INFO - ::group::Post task execution logs
[2024-11-22T11:45:53.106+0000] {taskinstance.py:352} INFO - Marking task as SUCCESS. dag_id=insert_stocknames_table, task_id=insert_to_db, run_id=manual__2024-11-22T11:45:47.931018+00:00, execution_date=20241122T114547, start_date=20241122T114552, end_date=20241122T114553
[2024-11-22T11:45:53.117+0000] {logging_mixin.py:190} INFO - Task instance in success state
[2024-11-22T11:45:53.118+0000] {logging_mixin.py:190} INFO -  Previous state of the Task instance: running
[2024-11-22T11:45:53.118+0000] {logging_mixin.py:190} INFO - Dag name:insert_stocknames_table queued_at:2024-11-22 11:45:47.947514+00:00
[2024-11-22T11:45:53.119+0000] {logging_mixin.py:190} INFO - Task hostname:b1cd3ec251f1 operator:PythonOperator
[2024-11-22T11:45:53.155+0000] {local_task_job_runner.py:266} INFO - Task exited with return code 0
[2024-11-22T11:45:53.174+0000] {taskinstance.py:3895} INFO - 0 downstream tasks scheduled from follow-on schedule check
[2024-11-22T11:45:53.176+0000] {local_task_job_runner.py:245} INFO - ::endgroup::
